<!DOCTYPE HTML PUBLIC "-//W3C//DTD HTML 4.01//EN"
    "http://www.w3.org/TR/html4/strict.dtd">
<html>
<head>
<title>Spec Output For mruby (1.9)</title>
<style type="text/css">
ul {
  list-style: none;
}
.fail {
  color: red;
}
.pass {
  color: green;
}
#details :target {
  background-color: #ffffe0;
}
</style>
</head>
<body>
<div><p>Range#include?</p>
<ul>
<li class="fail">- returns true if other is an element of self (<a href="#details-1">FAILED - 1</a>)</li>
<li class="fail">- compares values using <=> (<a href="#details-2">ERROR - 2</a>)</li>
<li class="pass">- raises an ArgumentError without exactly one argument</li>
<li class="pass">- returns true if argument is equal to the first value of the range</li>
<li class="pass">- returns true if argument is equal to the last value of the range</li>
<li class="pass">- returns true if argument is less than the last value of the range and greater than the first value</li>
<li class="pass">- returns true if argument is sole element in the range</li>
<li class="fail">- returns false if range is empty (<a href="#details-3">FAILED - 3</a>)</li>
<li class="fail">- returns false if the range does not contain the argument (<a href="#details-4">FAILED - 4</a>)</li>
</ul>
</div>
<div><p>Range#include? on string elements</p>
<ul>
<li class="pass">- returns true if other is matched by element.succ</li>
<li class="fail">- returns false if other is not matched by element.succ (<a href="#details-5">FAILED - 5</a>)</li>
</ul>
</div>
<div><p>Range#include? with weird succ when included end value</p>
<ul>
<li class="pass">- returns false if other is less than first element</li>
<li class="pass">- returns true if other is equal as first element</li>
<li class="pass">- returns true if other is matched by element.succ</li>
<li class="fail">- returns false if other is not matched by element.succ (<a href="#details-6">FAILED - 6</a>)</li>
<li class="fail">- returns false if other is equal as last element but not matched by element.succ (<a href="#details-7">FAILED - 7</a>)</li>
<li class="pass">- returns false if other is greater than last element but matched by element.succ</li>
</ul>
</div>
<div><p>Range#include? with weird succ when excluded end value</p>
<ul>
<li class="pass">- returns false if other is less than first element</li>
<li class="pass">- returns true if other is equal as first element</li>
<li class="pass">- returns true if other is matched by element.succ</li>
<li class="fail">- returns false if other is not matched by element.succ (<a href="#details-8">FAILED - 8</a>)</li>
<li class="fail">- returns false if other is equal as last element but not matched by element.succ (<a href="#details-9">FAILED - 9</a>)</li>
<li class="pass">- returns false if other is greater than last element but matched by element.succ</li>
</ul>
</div>
<hr>
<ol id="details">
<li id="details-1"><p>Range#include? returns true if other is an element of self FAILED</p>
<p>Expected true to equal false</p>
<pre>
/Users/jared/projects/mruby-spec/mspec/lib/mspec/runner/formatters/dotted.rb:115:in DottedFormatter.print
/Users/jared/projects/mruby-spec/mspec/lib/mspec/runner/formatters/html.rb:43:in HtmlFormatter.leave
/Users/jared/projects/mruby-spec/mspec/lib/mspec/runner/context.rb:237:in ContextState.process
/Users/jared/projects/mruby-spec/mspec/lib/mspec/runner/exception.rb:39:in ExceptionState.backtrace
/Users/jared/projects/mruby-spec/mspec/lib/mspec/runner/formatters/html.rb:68:in HtmlFormatter.finish
/Users/jared/projects/mruby-spec/mspec/lib/mspec/runner/formatters/html.rb:63:in HtmlFormatter.finish
/Users/jared/projects/mruby-spec/mspec/lib/mspec/runner/mspec.rb:65:in MSpec.actions
/Users/jared/projects/mruby-spec/mspec/lib/mspec/runner/mspec.rb:65:in MSpec#actions
/Users/jared/projects/mruby-spec/mspec/lib/mspec/runner/mspec.rb:45:in MSpec#process
/Users/jared/projects/mruby-spec/mspec/lib/mspec/commands/mspec-run.rb:91:in MSpecRun.run
/Users/jared/projects/mruby-spec/mspec/lib/mspec/utils/script.rb:220:in MSpecScript#main
/Users/jared/projects/mruby-spec/mspec/bin/mspec-run:8</pre>
</li>

<li id="details-2"><p>An exception occurred during: Mock.verify_count
Range#include? compares values using &lt;=&gt; ERROR</p>
<p>NoMethodError: undefined method '+@' for "but received it 0 times"</p>
<pre>
/Users/jared/projects/mruby-spec/mspec/lib/mspec/runner/formatters/dotted.rb:115:in DottedFormatter.print
/Users/jared/projects/mruby-spec/mspec/lib/mspec/runner/formatters/html.rb:43:in HtmlFormatter.leave
/Users/jared/projects/mruby-spec/mspec/lib/mspec/runner/context.rb:237:in ContextState.process
/Users/jared/projects/mruby-spec/mspec/lib/mspec/runner/exception.rb:39:in ExceptionState.backtrace
/Users/jared/projects/mruby-spec/mspec/lib/mspec/runner/formatters/html.rb:68:in HtmlFormatter.finish
/Users/jared/projects/mruby-spec/mspec/lib/mspec/runner/formatters/html.rb:63:in HtmlFormatter.finish
/Users/jared/projects/mruby-spec/mspec/lib/mspec/runner/mspec.rb:65:in MSpec.actions
/Users/jared/projects/mruby-spec/mspec/lib/mspec/runner/mspec.rb:65:in MSpec#actions
/Users/jared/projects/mruby-spec/mspec/lib/mspec/runner/mspec.rb:45:in MSpec#process
/Users/jared/projects/mruby-spec/mspec/lib/mspec/commands/mspec-run.rb:91:in MSpecRun.run
/Users/jared/projects/mruby-spec/mspec/lib/mspec/utils/script.rb:220:in MSpecScript#main
/Users/jared/projects/mruby-spec/mspec/bin/mspec-run:8</pre>
</li>

<li id="details-3"><p>Range#include? returns false if range is empty FAILED</p>
<p>Expected true to be false</p>
<pre>
/Users/jared/projects/mruby-spec/mspec/lib/mspec/runner/formatters/dotted.rb:115:in DottedFormatter.print
/Users/jared/projects/mruby-spec/mspec/lib/mspec/runner/formatters/html.rb:43:in HtmlFormatter.leave
/Users/jared/projects/mruby-spec/mspec/lib/mspec/runner/context.rb:237:in ContextState.process
/Users/jared/projects/mruby-spec/mspec/lib/mspec/runner/exception.rb:39:in ExceptionState.backtrace
/Users/jared/projects/mruby-spec/mspec/lib/mspec/runner/formatters/html.rb:68:in HtmlFormatter.finish
/Users/jared/projects/mruby-spec/mspec/lib/mspec/runner/formatters/html.rb:63:in HtmlFormatter.finish
/Users/jared/projects/mruby-spec/mspec/lib/mspec/runner/mspec.rb:65:in MSpec.actions
/Users/jared/projects/mruby-spec/mspec/lib/mspec/runner/mspec.rb:65:in MSpec#actions
/Users/jared/projects/mruby-spec/mspec/lib/mspec/runner/mspec.rb:45:in MSpec#process
/Users/jared/projects/mruby-spec/mspec/lib/mspec/commands/mspec-run.rb:91:in MSpecRun.run
/Users/jared/projects/mruby-spec/mspec/lib/mspec/utils/script.rb:220:in MSpecScript#main
/Users/jared/projects/mruby-spec/mspec/bin/mspec-run:8</pre>
</li>

<li id="details-4"><p>Range#include? returns false if the range does not contain the argument FAILED</p>
<p>Expected true to be false</p>
<pre>
/Users/jared/projects/mruby-spec/mspec/lib/mspec/runner/formatters/dotted.rb:115:in DottedFormatter.print
/Users/jared/projects/mruby-spec/mspec/lib/mspec/runner/formatters/html.rb:43:in HtmlFormatter.leave
/Users/jared/projects/mruby-spec/mspec/lib/mspec/runner/context.rb:237:in ContextState.process
/Users/jared/projects/mruby-spec/mspec/lib/mspec/runner/exception.rb:39:in ExceptionState.backtrace
/Users/jared/projects/mruby-spec/mspec/lib/mspec/runner/formatters/html.rb:68:in HtmlFormatter.finish
/Users/jared/projects/mruby-spec/mspec/lib/mspec/runner/formatters/html.rb:63:in HtmlFormatter.finish
/Users/jared/projects/mruby-spec/mspec/lib/mspec/runner/mspec.rb:65:in MSpec.actions
/Users/jared/projects/mruby-spec/mspec/lib/mspec/runner/mspec.rb:65:in MSpec#actions
/Users/jared/projects/mruby-spec/mspec/lib/mspec/runner/mspec.rb:45:in MSpec#process
/Users/jared/projects/mruby-spec/mspec/lib/mspec/commands/mspec-run.rb:91:in MSpecRun.run
/Users/jared/projects/mruby-spec/mspec/lib/mspec/utils/script.rb:220:in MSpecScript#main
/Users/jared/projects/mruby-spec/mspec/bin/mspec-run:8</pre>
</li>

<li id="details-5"><p>Range#include? on string elements returns false if other is not matched by element.succ FAILED</p>
<p>Expected true to be false</p>
<pre>
/Users/jared/projects/mruby-spec/mspec/lib/mspec/runner/formatters/dotted.rb:115:in DottedFormatter.print
/Users/jared/projects/mruby-spec/mspec/lib/mspec/runner/formatters/html.rb:43:in HtmlFormatter.leave
/Users/jared/projects/mruby-spec/mspec/lib/mspec/runner/context.rb:237:in ContextState.process
/Users/jared/projects/mruby-spec/mspec/lib/mspec/runner/exception.rb:39:in ExceptionState.backtrace
/Users/jared/projects/mruby-spec/mspec/lib/mspec/runner/formatters/html.rb:68:in HtmlFormatter.finish
/Users/jared/projects/mruby-spec/mspec/lib/mspec/runner/formatters/html.rb:63:in HtmlFormatter.finish
/Users/jared/projects/mruby-spec/mspec/lib/mspec/runner/mspec.rb:65:in MSpec.actions
/Users/jared/projects/mruby-spec/mspec/lib/mspec/runner/mspec.rb:65:in MSpec#actions
/Users/jared/projects/mruby-spec/mspec/lib/mspec/runner/mspec.rb:45:in MSpec#process
/Users/jared/projects/mruby-spec/mspec/lib/mspec/commands/mspec-run.rb:91:in MSpecRun.run
/Users/jared/projects/mruby-spec/mspec/lib/mspec/utils/script.rb:220:in MSpecScript#main
/Users/jared/projects/mruby-spec/mspec/bin/mspec-run:8</pre>
</li>

<li id="details-6"><p>Range#include? with weird succ when included end value returns false if other is not matched by element.succ FAILED</p>
<p>Expected true to be false</p>
<pre>
/Users/jared/projects/mruby-spec/mspec/lib/mspec/runner/formatters/dotted.rb:115:in DottedFormatter.print
/Users/jared/projects/mruby-spec/mspec/lib/mspec/runner/formatters/html.rb:43:in HtmlFormatter.leave
/Users/jared/projects/mruby-spec/mspec/lib/mspec/runner/context.rb:237:in ContextState.process
/Users/jared/projects/mruby-spec/mspec/lib/mspec/runner/exception.rb:39:in ExceptionState.backtrace
/Users/jared/projects/mruby-spec/mspec/lib/mspec/runner/formatters/html.rb:68:in HtmlFormatter.finish
/Users/jared/projects/mruby-spec/mspec/lib/mspec/runner/formatters/html.rb:63:in HtmlFormatter.finish
/Users/jared/projects/mruby-spec/mspec/lib/mspec/runner/mspec.rb:65:in MSpec.actions
/Users/jared/projects/mruby-spec/mspec/lib/mspec/runner/mspec.rb:65:in MSpec#actions
/Users/jared/projects/mruby-spec/mspec/lib/mspec/runner/mspec.rb:45:in MSpec#process
/Users/jared/projects/mruby-spec/mspec/lib/mspec/commands/mspec-run.rb:91:in MSpecRun.run
/Users/jared/projects/mruby-spec/mspec/lib/mspec/utils/script.rb:220:in MSpecScript#main
/Users/jared/projects/mruby-spec/mspec/bin/mspec-run:8</pre>
</li>

<li id="details-7"><p>Range#include? with weird succ when included end value returns false if other is equal as last element but not matched by element.succ FAILED</p>
<p>Expected true to be false</p>
<pre>
/Users/jared/projects/mruby-spec/mspec/lib/mspec/runner/formatters/dotted.rb:115:in DottedFormatter.print
/Users/jared/projects/mruby-spec/mspec/lib/mspec/runner/formatters/html.rb:43:in HtmlFormatter.leave
/Users/jared/projects/mruby-spec/mspec/lib/mspec/runner/context.rb:237:in ContextState.process
/Users/jared/projects/mruby-spec/mspec/lib/mspec/runner/exception.rb:39:in ExceptionState.backtrace
/Users/jared/projects/mruby-spec/mspec/lib/mspec/runner/formatters/html.rb:68:in HtmlFormatter.finish
/Users/jared/projects/mruby-spec/mspec/lib/mspec/runner/formatters/html.rb:63:in HtmlFormatter.finish
/Users/jared/projects/mruby-spec/mspec/lib/mspec/runner/mspec.rb:65:in MSpec.actions
/Users/jared/projects/mruby-spec/mspec/lib/mspec/runner/mspec.rb:65:in MSpec#actions
/Users/jared/projects/mruby-spec/mspec/lib/mspec/runner/mspec.rb:45:in MSpec#process
/Users/jared/projects/mruby-spec/mspec/lib/mspec/commands/mspec-run.rb:91:in MSpecRun.run
/Users/jared/projects/mruby-spec/mspec/lib/mspec/utils/script.rb:220:in MSpecScript#main
/Users/jared/projects/mruby-spec/mspec/bin/mspec-run:8</pre>
</li>

<li id="details-8"><p>Range#include? with weird succ when excluded end value returns false if other is not matched by element.succ FAILED</p>
<p>Expected true to be false</p>
<pre>
/Users/jared/projects/mruby-spec/mspec/lib/mspec/runner/formatters/dotted.rb:115:in DottedFormatter.print
/Users/jared/projects/mruby-spec/mspec/lib/mspec/runner/formatters/html.rb:43:in HtmlFormatter.leave
/Users/jared/projects/mruby-spec/mspec/lib/mspec/runner/context.rb:237:in ContextState.process
/Users/jared/projects/mruby-spec/mspec/lib/mspec/runner/exception.rb:39:in ExceptionState.backtrace
/Users/jared/projects/mruby-spec/mspec/lib/mspec/runner/formatters/html.rb:68:in HtmlFormatter.finish
/Users/jared/projects/mruby-spec/mspec/lib/mspec/runner/formatters/html.rb:63:in HtmlFormatter.finish
/Users/jared/projects/mruby-spec/mspec/lib/mspec/runner/mspec.rb:65:in MSpec.actions
/Users/jared/projects/mruby-spec/mspec/lib/mspec/runner/mspec.rb:65:in MSpec#actions
/Users/jared/projects/mruby-spec/mspec/lib/mspec/runner/mspec.rb:45:in MSpec#process
/Users/jared/projects/mruby-spec/mspec/lib/mspec/commands/mspec-run.rb:91:in MSpecRun.run
/Users/jared/projects/mruby-spec/mspec/lib/mspec/utils/script.rb:220:in MSpecScript#main
/Users/jared/projects/mruby-spec/mspec/bin/mspec-run:8</pre>
</li>

<li id="details-9"><p>Range#include? with weird succ when excluded end value returns false if other is equal as last element but not matched by element.succ FAILED</p>
<p>Expected true to be false</p>
<pre>
/Users/jared/projects/mruby-spec/mspec/lib/mspec/runner/formatters/dotted.rb:115:in DottedFormatter.print
/Users/jared/projects/mruby-spec/mspec/lib/mspec/runner/formatters/html.rb:43:in HtmlFormatter.leave
/Users/jared/projects/mruby-spec/mspec/lib/mspec/runner/context.rb:237:in ContextState.process
/Users/jared/projects/mruby-spec/mspec/lib/mspec/runner/exception.rb:39:in ExceptionState.backtrace
/Users/jared/projects/mruby-spec/mspec/lib/mspec/runner/formatters/html.rb:68:in HtmlFormatter.finish
/Users/jared/projects/mruby-spec/mspec/lib/mspec/runner/formatters/html.rb:63:in HtmlFormatter.finish
/Users/jared/projects/mruby-spec/mspec/lib/mspec/runner/mspec.rb:65:in MSpec.actions
/Users/jared/projects/mruby-spec/mspec/lib/mspec/runner/mspec.rb:65:in MSpec#actions
/Users/jared/projects/mruby-spec/mspec/lib/mspec/runner/mspec.rb:45:in MSpec#process
/Users/jared/projects/mruby-spec/mspec/lib/mspec/commands/mspec-run.rb:91:in MSpecRun.run
/Users/jared/projects/mruby-spec/mspec/lib/mspec/utils/script.rb:220:in MSpecScript#main
/Users/jared/projects/mruby-spec/mspec/bin/mspec-run:8</pre>
</li>
</ol>
<p>Finished in 0.010635 seconds</p>
<p class="fail">1 file, 23 examples, 38 expectations, 8 failures, 1 error, 0 tagged</p>
</body>
</html>
mruby 1.2.0 (2015-11-17) 
00003 NODE_SCOPE:
00003   NODE_BEGIN:
00003     NODE_CALL:
00003       NODE_GVAR $:
00003       method='unshift' (162)
00003       args:
00003         NODE_CALL:
00003           NODE_CONST File
00003           method='expand_path' (1532)
00003           args:
00003             NODE_STR "../../lib" len 9
00003             NODE_STR "/Users/jared/projects/mruby-spec/mspec/bin/mspec-run" len 52
00005     NODE_CALL:
00005       NODE_SELF
00005       method='require' (1726)
00005       args:
00005         NODE_STR "mspec/commands/mspec-run" len 24
00006     NODE_CALL:
00006       NODE_SELF
00006       method='require' (1726)
00006       args:
00006         NODE_STR "mspec" len 5
00008     NODE_CALL:
00008       NODE_CONST MSpecRun
00008       method='main' (2121)
irep 0x7fc9e145a290 nregs=6 nlocals=1 pools=4 syms=7 reps=0
file: /Users/jared/projects/mruby-spec/mspec/bin/mspec-run
    3 000 OP_GETGLOBAL	R1	:$:
    3 001 OP_GETCONST	R2	:File
    3 002 OP_STRING	R3	L(0)	; "../../lib"
    3 003 OP_STRING	R4	L(1)	; "/Users/jared/projects/mruby-spec/mspec/bin/mspec-run"
    3 004 OP_SEND	R2	:expand_path	2
    3 005 OP_SEND	R1	:unshift	1
    5 006 OP_LOADSELF	R1		
    5 007 OP_STRING	R2	L(2)	; "mspec/commands/mspec-run"
    5 008 OP_SEND	R1	:require	1
    6 009 OP_LOADSELF	R1		
    6 010 OP_STRING	R2	L(3)	; "mspec"
    6 011 OP_SEND	R1	:require	1
    8 012 OP_GETCONST	R1	:MSpecRun
    8 013 OP_SEND	R1	:main	0
    8 014 OP_STOP

