<!DOCTYPE HTML PUBLIC "-//W3C//DTD HTML 4.01//EN"
    "http://www.w3.org/TR/html4/strict.dtd">
<html>
<head>
<title>Spec Output For mruby (1.9)</title>
<style type="text/css">
ul {
  list-style: none;
}
.fail {
  color: red;
}
.pass {
  color: green;
}
#details :target {
  background-color: #ffffe0;
}
</style>
</head>
<body>
<div><p>Array#fill</p>
<ul>
<li class="pass">- returns self</li>
<li class="pass">- is destructive</li>
<li class="pass">- does not replicate the filler</li>
<li class="pass">- replaces all elements in the array with the filler if not given a index nor a length</li>
<li class="pass">- replaces all elements with the value of block (index given to block)</li>
<li class="fail">- raises a RuntimeError on a frozen array (<a href="#details-1">ERROR - 1</a>)</li>
<li class="fail">- raises a RuntimeError on an empty frozen array (<a href="#details-2">ERROR - 2</a>)</li>
<li class="pass">- raises an ArgumentError if 4 or more arguments are passed when no block given</li>
<li class="pass">- raises an ArgumentError if no argument passed and no block given</li>
<li class="fail">- raises an ArgumentError if 3 or more arguments are passed when a block given (<a href="#details-3">FAILED - 3</a>)</li>
</ul>
</div>
<li class="fail">-  (<a href="#details-4">ERROR - 4</a>)</li>
<div><p>Array#fill with (filler, range)</p>
<ul>
<li class="pass">- replaces elements in range with object</li>
<li class="pass">- replaces all elements in range with the value of block</li>
<li class="pass">- increases the Array size when necessary</li>
<li class="fail">- raises a TypeError with range and length argument (<a href="#details-5">FAILED - 5</a>)</li>
<li class="pass">- replaces elements between the (-m)th to the last and the (n+1)th from the first if given an range m..n where m < 0 and n >= 0</li>
<li class="pass">- replaces elements between the (-m)th and (-n)th to the last if given an range m..n where m < 0 and n < 0</li>
<li class="pass">- replaces elements between the (m+1)th from the first and (-n)th to the last if given an range m..n where m >= 0 and n < 0</li>
<li class="pass">- makes no modifications if given an range which implies a section of zero width</li>
<li class="pass">- makes no modifications if given an range which implies a section of negative width</li>
<li class="fail">- raises an exception if some of the given range lies before the first of the array (<a href="#details-6">FAILED - 6</a>)</li>
<li class="fail">- tries to convert the start and end of the passed range to Integers using #to_int (<a href="#details-7">ERROR - 7</a>)</li>
<li class="fail">- tries to convert the start and end of the passed range to Integers using #to_int (<a href="#details-8">ERROR - 8</a>)</li>
<li class="fail">- raises a TypeError if the start or end of the passed range is not numeric (<a href="#details-9">ERROR - 9</a>)</li>
</ul>
</div>
<hr>
<ol id="details">
<li id="details-1"><p>Array#fill raises a RuntimeError on a frozen array ERROR</p>
<p>NoMethodError: undefined method 'freeze' for [1, 2, 3]</p>
<pre>
/Users/jared/projects/mruby-spec/rubyspec/core/array/fixtures/classes.rb:37:in ArraySpecs#frozen_array
/Users/jared/projects/mruby-spec/rubyspec/core/array/fill_spec.rb:47:in Kernel.instance_eval
/Users/jared/projects/mruby-spec/mspec/lib/mspec/matchers/raise_error.rb:9:in RaiseErrorMatcher.matches?
/Users/jared/projects/mruby-spec/mspec/lib/mspec/expectations/should.rb:7:in Object.should
/Users/jared/projects/mruby-spec/rubyspec/core/array/fill_spec.rb:47:in Kernel#instance_eval
/Users/jared/projects/mruby-spec/mspec/lib/mspec/runner/mspec.rb:70:in MSpec#protect
/Users/jared/projects/mruby-spec/mspec/lib/mspec/runner/context.rb:179:in ContextState.protect
/Users/jared/projects/mruby-spec/mspec/lib/mspec/runner/context.rb:179:in ContextState.protect
/Users/jared/projects/mruby-spec/mspec/lib/mspec/runner/context.rb:215:in ContextState.process
/Users/jared/projects/mruby-spec/mspec/lib/mspec/runner/mspec.rb:240:in MSpec.repeat
/Users/jared/projects/mruby-spec/mspec/lib/mspec/runner/mspec.rb:239:in MSpec#repeat
/Users/jared/projects/mruby-spec/mspec/lib/mspec/runner/context.rb:207:in ContextState.process
/Users/jared/projects/mruby-spec/mspec/lib/mspec/runner/context.rb:206:in ContextState.process
/Users/jared/projects/mruby-spec/mspec/lib/mspec/runner/mspec.rb:39:in MSpec#describe
/Users/jared/projects/mruby-spec/mspec/lib/mspec/runner/object.rb:11:in Object.describe
/Users/jared/projects/mruby-spec/rubyspec/core/array/fill_spec.rb:75:in Kernel#open
/Users/jared/projects/mruby-spec/mspec/lib/mspec/runner/mspec.rb:58:in MSpec#instance_eval
/Users/jared/projects/mruby-spec/mspec/lib/mspec/runner/mspec.rb:70:in MSpec#protect
/Users/jared/projects/mruby-spec/mspec/lib/mspec/runner/mspec.rb:58:in MSpec.files
/Users/jared/projects/mruby-spec/mspec/lib/mspec/runner/mspec.rb:52:in MSpec#files
/Users/jared/projects/mruby-spec/mspec/lib/mspec/runner/mspec.rb:44:in MSpec#process
/Users/jared/projects/mruby-spec/mspec/lib/mspec/commands/mspec-run.rb:91:in MSpecRun.run
/Users/jared/projects/mruby-spec/mspec/lib/mspec/utils/script.rb:220:in MSpecScript#main
/Users/jared/projects/mruby-spec/mspec/bin/mspec-run:8</pre>
</li>

<li id="details-2"><p>Array#fill raises a RuntimeError on an empty frozen array ERROR</p>
<p>NoMethodError: undefined method 'freeze' for []</p>
<pre>
/Users/jared/projects/mruby-spec/rubyspec/core/array/fixtures/classes.rb:43:in ArraySpecs#empty_frozen_array
/Users/jared/projects/mruby-spec/rubyspec/core/array/fill_spec.rb:51:in Kernel.instance_eval
/Users/jared/projects/mruby-spec/mspec/lib/mspec/matchers/raise_error.rb:9:in RaiseErrorMatcher.matches?
/Users/jared/projects/mruby-spec/mspec/lib/mspec/expectations/should.rb:7:in Object.should
/Users/jared/projects/mruby-spec/rubyspec/core/array/fill_spec.rb:51:in Kernel#instance_eval
/Users/jared/projects/mruby-spec/mspec/lib/mspec/runner/mspec.rb:70:in MSpec#protect
/Users/jared/projects/mruby-spec/mspec/lib/mspec/runner/context.rb:179:in ContextState.protect
/Users/jared/projects/mruby-spec/mspec/lib/mspec/runner/context.rb:179:in ContextState.protect
/Users/jared/projects/mruby-spec/mspec/lib/mspec/runner/context.rb:215:in ContextState.process
/Users/jared/projects/mruby-spec/mspec/lib/mspec/runner/mspec.rb:240:in MSpec.repeat
/Users/jared/projects/mruby-spec/mspec/lib/mspec/runner/mspec.rb:239:in MSpec#repeat
/Users/jared/projects/mruby-spec/mspec/lib/mspec/runner/context.rb:207:in ContextState.process
/Users/jared/projects/mruby-spec/mspec/lib/mspec/runner/context.rb:206:in ContextState.process
/Users/jared/projects/mruby-spec/mspec/lib/mspec/runner/mspec.rb:39:in MSpec#describe
/Users/jared/projects/mruby-spec/mspec/lib/mspec/runner/object.rb:11:in Object.describe
/Users/jared/projects/mruby-spec/rubyspec/core/array/fill_spec.rb:75:in Kernel#open
/Users/jared/projects/mruby-spec/mspec/lib/mspec/runner/mspec.rb:58:in MSpec#instance_eval
/Users/jared/projects/mruby-spec/mspec/lib/mspec/runner/mspec.rb:70:in MSpec#protect
/Users/jared/projects/mruby-spec/mspec/lib/mspec/runner/mspec.rb:58:in MSpec.files
/Users/jared/projects/mruby-spec/mspec/lib/mspec/runner/mspec.rb:52:in MSpec#files
/Users/jared/projects/mruby-spec/mspec/lib/mspec/runner/mspec.rb:44:in MSpec#process
/Users/jared/projects/mruby-spec/mspec/lib/mspec/commands/mspec-run.rb:91:in MSpecRun.run
/Users/jared/projects/mruby-spec/mspec/lib/mspec/utils/script.rb:220:in MSpecScript#main
/Users/jared/projects/mruby-spec/mspec/bin/mspec-run:8</pre>
</li>

<li id="details-3"><p>Array#fill raises an ArgumentError if 3 or more arguments are passed when a block given FAILED</p>
<p>Expected ArgumentError but no exception was raised (#@result was returned)</p>
<pre>
