<!DOCTYPE HTML PUBLIC "-//W3C//DTD HTML 4.01//EN"
    "http://www.w3.org/TR/html4/strict.dtd">
<html>
<head>
<title>Spec Output For mruby (1.9)</title>
<style type="text/css">
ul {
  list-style: none;
}
.fail {
  color: red;
}
.pass {
  color: green;
}
#details :target {
  background-color: #ffffe0;
}
</style>
</head>
<body>
<div><p>Array#&</p>
<ul>
<li class="pass">- creates an array with elements common to both arrays (intersection)</li>
<li class="pass">- creates an array with no duplicates</li>
<li class="pass">- creates an array with elements in order they are first encountered</li>
<li class="pass">- does not modify the original Array</li>
<li class="fail">- properly handles recursive arrays (<a href="#details-1">ERROR - 1</a>)</li>
<li class="fail">- tries to convert the passed argument to an Array using #to_ary (<a href="#details-2">ERROR - 2</a>)</li>
<li class="fail">- tries to convert the passed argument to an Array using #to_ary (<a href="#details-3">ERROR - 3</a>)</li>
<li class="fail">- determines equivalence between elements in the sense of eql? (<a href="#details-4">FAILED - 4</a>)</li>
<li class="pass">- does return subclass instances for Array subclasses</li>
<li class="pass">- does not call to_ary on array subclasses</li>
<li class="pass">- properly handles an identical item even when its #eql? isn't reflexive</li>
</ul>
</div>
<hr>
<ol id="details">
<li id="details-1"><p>Array#&nbsp; properly handles recursive arrays ERROR</p>
<p>SystemStackError: stack level too deep. (limit=(0x40000 - 128))</p>
<pre>
/Users/jared/projects/mruby-spec/mspec/lib/mspec/runner/exception.rb:39:in ExceptionState.backtrace
/Users/jared/projects/mruby-spec/mspec/lib/mspec/runner/formatters/html.rb:68:in HtmlFormatter.finish
/Users/jared/projects/mruby-spec/mspec/lib/mspec/runner/formatters/html.rb:63:in HtmlFormatter.finish
/Users/jared/projects/mruby-spec/mspec/lib/mspec/runner/mspec.rb:65:in MSpec.actions
/Users/jared/projects/mruby-spec/mspec/lib/mspec/runner/mspec.rb:65:in MSpec#actions
/Users/jared/projects/mruby-spec/mspec/lib/mspec/runner/mspec.rb:45:in MSpec#process
/Users/jared/projects/mruby-spec/mspec/lib/mspec/commands/mspec-run.rb:91:in MSpecRun.run
/Users/jared/projects/mruby-spec/mspec/lib/mspec/utils/script.rb:220:in MSpecScript#main
/Users/jared/projects/mruby-spec/mspec/bin/mspec-run:8</pre>
</li>

<li id="details-2"><p>Array#&nbsp; tries to convert the passed argument to an Array using #to_ary ERROR</p>
<p>TypeError: can't convert MockObject into Array</p>
<pre>
/Users/jared/projects/mruby-spec/mspec/lib/mspec/runner/exception.rb:39:in ExceptionState.backtrace
/Users/jared/projects/mruby-spec/mspec/lib/mspec/runner/formatters/html.rb:68:in HtmlFormatter.finish
/Users/jared/projects/mruby-spec/mspec/lib/mspec/runner/formatters/html.rb:63:in HtmlFormatter.finish
/Users/jared/projects/mruby-spec/mspec/lib/mspec/runner/mspec.rb:65:in MSpec.actions
/Users/jared/projects/mruby-spec/mspec/lib/mspec/runner/mspec.rb:65:in MSpec#actions
/Users/jared/projects/mruby-spec/mspec/lib/mspec/runner/mspec.rb:45:in MSpec#process
/Users/jared/projects/mruby-spec/mspec/lib/mspec/commands/mspec-run.rb:91:in MSpecRun.run
/Users/jared/projects/mruby-spec/mspec/lib/mspec/utils/script.rb:220:in MSpecScript#main
/Users/jared/projects/mruby-spec/mspec/bin/mspec-run:8</pre>
</li>

<li id="details-3"><p>An exception occurred during: Mock.verify_count
Array#&nbsp; tries to convert the passed argument to an Array using #to_ary ERROR</p>
<p>NoMethodError: undefined method '+@' for "but received it 0 times"</p>
<pre>
/Users/jared/projects/mruby-spec/mspec/lib/mspec/runner/exception.rb:39:in ExceptionState.backtrace
/Users/jared/projects/mruby-spec/mspec/lib/mspec/runner/formatters/html.rb:68:in HtmlFormatter.finish
/Users/jared/projects/mruby-spec/mspec/lib/mspec/runner/formatters/html.rb:63:in HtmlFormatter.finish
/Users/jared/projects/mruby-spec/mspec/lib/mspec/runner/mspec.rb:65:in MSpec.actions
/Users/jared/projects/mruby-spec/mspec/lib/mspec/runner/mspec.rb:65:in MSpec#actions
/Users/jared/projects/mruby-spec/mspec/lib/mspec/runner/mspec.rb:45:in MSpec#process
/Users/jared/projects/mruby-spec/mspec/lib/mspec/commands/mspec-run.rb:91:in MSpecRun.run
/Users/jared/projects/mruby-spec/mspec/lib/mspec/utils/script.rb:220:in MSpecScript#main
/Users/jared/projects/mruby-spec/mspec/bin/mspec-run:8</pre>
</li>

<li id="details-4"><p>Array#&nbsp; determines equivalence between elements in the sense of eql? FAILED</p>
<p>Expected [5, 4] to equal []</p>
<pre>
/Users/jared/projects/mruby-spec/mspec/lib/mspec/runner/exception.rb:39:in ExceptionState.backtrace
/Users/jared/projects/mruby-spec/mspec/lib/mspec/runner/formatters/html.rb:68:in HtmlFormatter.finish
/Users/jared/projects/mruby-spec/mspec/lib/mspec/runner/formatters/html.rb:63:in HtmlFormatter.finish
/Users/jared/projects/mruby-spec/mspec/lib/mspec/runner/mspec.rb:65:in MSpec.actions
/Users/jared/projects/mruby-spec/mspec/lib/mspec/runner/mspec.rb:65:in MSpec#actions
/Users/jared/projects/mruby-spec/mspec/lib/mspec/runner/mspec.rb:45:in MSpec#process
/Users/jared/projects/mruby-spec/mspec/lib/mspec/commands/mspec-run.rb:91:in MSpecRun.run
/Users/jared/projects/mruby-spec/mspec/lib/mspec/utils/script.rb:220:in MSpecScript#main
/Users/jared/projects/mruby-spec/mspec/bin/mspec-run:8</pre>
</li>
</ol>
<p>Finished in 0.044560 seconds</p>
<p class="fail">1 file, 10 examples, 15 expectations, 1 failure, 3 errors, 0 tagged</p>
</body>
</html>
mruby 1.2.0 (2015-11-17) 
00003 NODE_SCOPE:
00003   NODE_BEGIN:
00003     NODE_CALL:
00003       NODE_GVAR $:
00003       method='unshift' (162)
00003       args:
00003         NODE_CALL:
00003           NODE_CONST File
00003           method='expand_path' (1532)
00003           args:
00003             NODE_STR "../../lib" len 9
00003             NODE_STR "/Users/jared/projects/mruby-spec/mspec/bin/mspec-run" len 52
00005     NODE_CALL:
00005       NODE_SELF
00005       method='require' (1726)
00005       args:
00005         NODE_STR "mspec/commands/mspec-run" len 24
00006     NODE_CALL:
00006       NODE_SELF
00006       method='require' (1726)
00006       args:
00006         NODE_STR "mspec" len 5
00008     NODE_CALL:
00008       NODE_CONST MSpecRun
00008       method='main' (2121)
irep 0x7f892045a290 nregs=6 nlocals=1 pools=4 syms=7 reps=0
file: /Users/jared/projects/mruby-spec/mspec/bin/mspec-run
    3 000 OP_GETGLOBAL	R1	:$:
    3 001 OP_GETCONST	R2	:File
    3 002 OP_STRING	R3	L(0)	; "../../lib"
    3 003 OP_STRING	R4	L(1)	; "/Users/jared/projects/mruby-spec/mspec/bin/mspec-run"
    3 004 OP_SEND	R2	:expand_path	2
    3 005 OP_SEND	R1	:unshift	1
    5 006 OP_LOADSELF	R1		
    5 007 OP_STRING	R2	L(2)	; "mspec/commands/mspec-run"
    5 008 OP_SEND	R1	:require	1
    6 009 OP_LOADSELF	R1		
    6 010 OP_STRING	R2	L(3)	; "mspec"
    6 011 OP_SEND	R1	:require	1
    8 012 OP_GETCONST	R1	:MSpecRun
    8 013 OP_SEND	R1	:main	0
    8 014 OP_STOP

