<!DOCTYPE HTML PUBLIC "-//W3C//DTD HTML 4.01//EN"
    "http://www.w3.org/TR/html4/strict.dtd">
<html>
<head>
<title>Spec Output For mruby (1.9)</title>
<style type="text/css">
ul {
  list-style: none;
}
.fail {
  color: red;
}
.pass {
  color: green;
}
#details :target {
  background-color: #ffffe0;
}
</style>
</head>
<body>
<div><p>Array.new</p>
<ul>
<li class="pass">- returns an instance of Array</li>
<li class="pass">- returns an instance of a subclass</li>
<li class="pass">- raises an ArgumentError if passed 3 or more arguments</li>
</ul>
</div>
<div><p>Array.new with no arguments</p>
<ul>
<li class="pass">- returns an empty array</li>
<li class="pass">- does not use the given block</li>
</ul>
</div>
<div><p>Array.new with (array)</p>
<ul>
<li class="fail">- returns an array initialized to the other array (<a href="#details-1">ERROR - 1</a>)</li>
<li class="fail">- does not use the given block (<a href="#details-2">FAILED - 2</a>)</li>
<li class="fail">- calls #to_ary to convert the value to an array (<a href="#details-3">ERROR - 3</a>)</li>
<li class="fail">- calls #to_ary to convert the value to an array (<a href="#details-4">ERROR - 4</a>)</li>
<li class="fail">- does not call #to_ary on instances of Array or subclasses of Array (<a href="#details-5">ERROR - 5</a>)</li>
<li class="pass">- raises a TypeError if an Array type argument and a default object</li>
</ul>
</div>
<li class="fail">-  (<a href="#details-6">ERROR - 6</a>)</li>
<hr>
<ol id="details">
<li id="details-1"><p>Array.new with (array) returns an array initialized to the other array ERROR</p>
<p>TypeError: expected Integer for 1st argument</p>
<pre>
/Users/jared/projects/mruby-spec/mspec/lib/mspec/runner/formatters/dotted.rb:115:in DottedFormatter.print
/Users/jared/projects/mruby-spec/mspec/lib/mspec/runner/formatters/html.rb:50:in HtmlFormatter.exception
/Users/jared/projects/mruby-spec/mspec/lib/mspec/runner/mspec.rb:65:in MSpec#actions
/Users/jared/projects/mruby-spec/mspec/lib/mspec/runner/mspec.rb:76:in MSpec#protect
/Users/jared/projects/mruby-spec/mspec/lib/mspec/runner/exception.rb:39:in ExceptionState.backtrace
/Users/jared/projects/mruby-spec/mspec/lib/mspec/runner/formatters/html.rb:68:in HtmlFormatter.finish
/Users/jared/projects/mruby-spec/mspec/lib/mspec/runner/formatters/html.rb:63:in HtmlFormatter.finish
/Users/jared/projects/mruby-spec/mspec/lib/mspec/runner/mspec.rb:65:in MSpec.actions
/Users/jared/projects/mruby-spec/mspec/lib/mspec/runner/mspec.rb:65:in MSpec#actions
/Users/jared/projects/mruby-spec/mspec/lib/mspec/runner/mspec.rb:45:in MSpec#process
/Users/jared/projects/mruby-spec/mspec/lib/mspec/commands/mspec-run.rb:91:in MSpecRun.run
/Users/jared/projects/mruby-spec/mspec/lib/mspec/utils/script.rb:220:in MSpecScript#main
/Users/jared/projects/mruby-spec/mspec/bin/mspec-run:8</pre>
</li>

<li id="details-2"><p>Array.new with (array) does not use the given block FAILED</p>
<p>Expected to not get Exception
but got TypeError (expected Integer for 1st argument)</p>
<pre>
/Users/jared/projects/mruby-spec/mspec/lib/mspec/runner/formatters/dotted.rb:115:in DottedFormatter.print
/Users/jared/projects/mruby-spec/mspec/lib/mspec/runner/formatters/html.rb:50:in HtmlFormatter.exception
/Users/jared/projects/mruby-spec/mspec/lib/mspec/runner/mspec.rb:65:in MSpec#actions
/Users/jared/projects/mruby-spec/mspec/lib/mspec/runner/mspec.rb:76:in MSpec#protect
/Users/jared/projects/mruby-spec/mspec/lib/mspec/runner/exception.rb:39:in ExceptionState.backtrace
/Users/jared/projects/mruby-spec/mspec/lib/mspec/runner/formatters/html.rb:68:in HtmlFormatter.finish
/Users/jared/projects/mruby-spec/mspec/lib/mspec/runner/formatters/html.rb:63:in HtmlFormatter.finish
/Users/jared/projects/mruby-spec/mspec/lib/mspec/runner/mspec.rb:65:in MSpec.actions
/Users/jared/projects/mruby-spec/mspec/lib/mspec/runner/mspec.rb:65:in MSpec#actions
/Users/jared/projects/mruby-spec/mspec/lib/mspec/runner/mspec.rb:45:in MSpec#process
/Users/jared/projects/mruby-spec/mspec/lib/mspec/commands/mspec-run.rb:91:in MSpecRun.run
/Users/jared/projects/mruby-spec/mspec/lib/mspec/utils/script.rb:220:in MSpecScript#main
/Users/jared/projects/mruby-spec/mspec/bin/mspec-run:8</pre>
</li>

<li id="details-3"><p>Array.new with (array) calls #to_ary to convert the value to an array ERROR</p>
<p>TypeError: expected Integer for 1st argument</p>
<pre>
/Users/jared/projects/mruby-spec/mspec/lib/mspec/runner/formatters/dotted.rb:115:in DottedFormatter.print
/Users/jared/projects/mruby-spec/mspec/lib/mspec/runner/formatters/html.rb:50:in HtmlFormatter.exception
/Users/jared/projects/mruby-spec/mspec/lib/mspec/runner/mspec.rb:65:in MSpec#actions
/Users/jared/projects/mruby-spec/mspec/lib/mspec/runner/mspec.rb:76:in MSpec#protect
/Users/jared/projects/mruby-spec/mspec/lib/mspec/runner/exception.rb:39:in ExceptionState.backtrace
/Users/jared/projects/mruby-spec/mspec/lib/mspec/runner/formatters/html.rb:68:in HtmlFormatter.finish
/Users/jared/projects/mruby-spec/mspec/lib/mspec/runner/formatters/html.rb:63:in HtmlFormatter.finish
/Users/jared/projects/mruby-spec/mspec/lib/mspec/runner/mspec.rb:65:in MSpec.actions
/Users/jared/projects/mruby-spec/mspec/lib/mspec/runner/mspec.rb:65:in MSpec#actions
/Users/jared/projects/mruby-spec/mspec/lib/mspec/runner/mspec.rb:45:in MSpec#process
/Users/jared/projects/mruby-spec/mspec/lib/mspec/commands/mspec-run.rb:91:in MSpecRun.run
/Users/jared/projects/mruby-spec/mspec/lib/mspec/utils/script.rb:220:in MSpecScript#main
/Users/jared/projects/mruby-spec/mspec/bin/mspec-run:8</pre>
</li>

<li id="details-4"><p>An exception occurred during: Mock.verify_count
Array.new with (array) calls #to_ary to convert the value to an array ERROR</p>
<p>NoMethodError: undefined method '+@' for "but received it 0 times"</p>
<pre>
/Users/jared/projects/mruby-spec/mspec/lib/mspec/runner/formatters/dotted.rb:115:in DottedFormatter.print
/Users/jared/projects/mruby-spec/mspec/lib/mspec/runner/formatters/html.rb:50:in HtmlFormatter.exception
/Users/jared/projects/mruby-spec/mspec/lib/mspec/runner/mspec.rb:65:in MSpec#actions
/Users/jared/projects/mruby-spec/mspec/lib/mspec/runner/mspec.rb:76:in MSpec#protect
/Users/jared/projects/mruby-spec/mspec/lib/mspec/runner/exception.rb:39:in ExceptionState.backtrace
/Users/jared/projects/mruby-spec/mspec/lib/mspec/runner/formatters/html.rb:68:in HtmlFormatter.finish
/Users/jared/projects/mruby-spec/mspec/lib/mspec/runner/formatters/html.rb:63:in HtmlFormatter.finish
/Users/jared/projects/mruby-spec/mspec/lib/mspec/runner/mspec.rb:65:in MSpec.actions
/Users/jared/projects/mruby-spec/mspec/lib/mspec/runner/mspec.rb:65:in MSpec#actions
/Users/jared/projects/mruby-spec/mspec/lib/mspec/runner/mspec.rb:45:in MSpec#process
/Users/jared/projects/mruby-spec/mspec/lib/mspec/commands/mspec-run.rb:91:in MSpecRun.run
/Users/jared/projects/mruby-spec/mspec/lib/mspec/utils/script.rb:220:in MSpecScript#main
/Users/jared/projects/mruby-spec/mspec/bin/mspec-run:8</pre>
</li>

<li id="details-5"><p>Array.new with (array) does not call #to_ary on instances of Array or subclasses of Array ERROR</p>
<p>TypeError: expected Integer for 1st argument</p>
<pre>
/Users/jared/projects/mruby-spec/mspec/lib/mspec/runner/formatters/dotted.rb:115:in DottedFormatter.print
/Users/jared/projects/mruby-spec/mspec/lib/mspec/runner/formatters/html.rb:50:in HtmlFormatter.exception
/Users/jared/projects/mruby-spec/mspec/lib/mspec/runner/mspec.rb:65:in MSpec#actions
/Users/jared/projects/mruby-spec/mspec/lib/mspec/runner/mspec.rb:76:in MSpec#protect
/Users/jared/projects/mruby-spec/mspec/lib/mspec/runner/exception.rb:39:in ExceptionState.backtrace
/Users/jared/projects/mruby-spec/mspec/lib/mspec/runner/formatters/html.rb:68:in HtmlFormatter.finish
/Users/jared/projects/mruby-spec/mspec/lib/mspec/runner/formatters/html.rb:63:in HtmlFormatter.finish
/Users/jared/projects/mruby-spec/mspec/lib/mspec/runner/mspec.rb:65:in MSpec.actions
/Users/jared/projects/mruby-spec/mspec/lib/mspec/runner/mspec.rb:65:in MSpec#actions
/Users/jared/projects/mruby-spec/mspec/lib/mspec/runner/mspec.rb:45:in MSpec#process
/Users/jared/projects/mruby-spec/mspec/lib/mspec/commands/mspec-run.rb:91:in MSpecRun.run
/Users/jared/projects/mruby-spec/mspec/lib/mspec/utils/script.rb:220:in MSpecScript#main
/Users/jared/projects/mruby-spec/mspec/bin/mspec-run:8</pre>
</li>

<li id="details-6"><p>An exception occurred during: Array.new with (size, object=nil) ERROR</p>
<p>NoMethodError: undefined method 'size' for 1</p>
<pre>
/Users/jared/projects/mruby-spec/mspec/lib/mspec/runner/formatters/dotted.rb:115:in DottedFormatter.print
/Users/jared/projects/mruby-spec/mspec/lib/mspec/runner/formatters/html.rb:50:in HtmlFormatter.exception
/Users/jared/projects/mruby-spec/mspec/lib/mspec/runner/mspec.rb:65:in MSpec#actions
/Users/jared/projects/mruby-spec/mspec/lib/mspec/runner/mspec.rb:76:in MSpec#protect
/Users/jared/projects/mruby-spec/mspec/lib/mspec/runner/exception.rb:39:in ExceptionState.backtrace
/Users/jared/projects/mruby-spec/mspec/lib/mspec/runner/formatters/html.rb:68:in HtmlFormatter.finish
/Users/jared/projects/mruby-spec/mspec/lib/mspec/runner/formatters/html.rb:63:in HtmlFormatter.finish
/Users/jared/projects/mruby-spec/mspec/lib/mspec/runner/mspec.rb:65:in MSpec.actions
/Users/jared/projects/mruby-spec/mspec/lib/mspec/runner/mspec.rb:65:in MSpec#actions
/Users/jared/projects/mruby-spec/mspec/lib/mspec/runner/mspec.rb:45:in MSpec#process
/Users/jared/projects/mruby-spec/mspec/lib/mspec/commands/mspec-run.rb:91:in MSpecRun.run
/Users/jared/projects/mruby-spec/mspec/lib/mspec/utils/script.rb:220:in MSpecScript#main
/Users/jared/projects/mruby-spec/mspec/bin/mspec-run:8</pre>
</li>
</ol>
<p>Finished in 0.006216 seconds</p>
<p class="fail">1 file, 10 examples, 11 expectations, 1 failure, 5 errors, 0 tagged</p>
</body>
</html>
mruby 1.2.0 (2015-11-17) 
00003 NODE_SCOPE:
00003   NODE_BEGIN:
00003     NODE_CALL:
00003       NODE_GVAR $:
00003       method='unshift' (162)
00003       args:
00003         NODE_CALL:
00003           NODE_CONST File
00003           method='expand_path' (1532)
00003           args:
00003             NODE_STR "../../lib" len 9
00003             NODE_STR "/Users/jared/projects/mruby-spec/mspec/bin/mspec-run" len 52
00005     NODE_CALL:
00005       NODE_SELF
00005       method='require' (1726)
00005       args:
00005         NODE_STR "mspec/commands/mspec-run" len 24
00006     NODE_CALL:
00006       NODE_SELF
00006       method='require' (1726)
00006       args:
00006         NODE_STR "mspec" len 5
00008     NODE_CALL:
00008       NODE_CONST MSpecRun
00008       method='main' (2121)
irep 0x7fa19b45a280 nregs=6 nlocals=1 pools=4 syms=7 reps=0
file: /Users/jared/projects/mruby-spec/mspec/bin/mspec-run
    3 000 OP_GETGLOBAL	R1	:$:
    3 001 OP_GETCONST	R2	:File
    3 002 OP_STRING	R3	L(0)	; "../../lib"
    3 003 OP_STRING	R4	L(1)	; "/Users/jared/projects/mruby-spec/mspec/bin/mspec-run"
    3 004 OP_SEND	R2	:expand_path	2
    3 005 OP_SEND	R1	:unshift	1
    5 006 OP_LOADSELF	R1		
    5 007 OP_STRING	R2	L(2)	; "mspec/commands/mspec-run"
    5 008 OP_SEND	R1	:require	1
    6 009 OP_LOADSELF	R1		
    6 010 OP_STRING	R2	L(3)	; "mspec"
    6 011 OP_SEND	R1	:require	1
    8 012 OP_GETCONST	R1	:MSpecRun
    8 013 OP_SEND	R1	:main	0
    8 014 OP_STOP

