<!DOCTYPE HTML PUBLIC "-//W3C//DTD HTML 4.01//EN"
    "http://www.w3.org/TR/html4/strict.dtd">
<html>
<head>
<title>Spec Output For mruby (1.9)</title>
<style type="text/css">
ul {
  list-style: none;
}
.fail {
  color: red;
}
.pass {
  color: green;
}
#details :target {
  background-color: #ffffe0;
}
</style>
</head>
<body>
<div><p>Array#pop</p>
<ul>
<li class="pass">- removes and returns the last element of the array</li>
<li class="pass">- returns nil if there are no more elements</li>
<li class="pass">- properly handles recursive arrays</li>
<li class="fail">- keeps taint status (<a href="#details-1">ERROR - 1</a>)</li>
<li class="fail">- raises a RuntimeError on a frozen array (<a href="#details-2">ERROR - 2</a>)</li>
<li class="fail">- raises a RuntimeError on an empty frozen array (<a href="#details-3">ERROR - 3</a>)</li>
<li class="fail">- keeps untrusted status (<a href="#details-4">ERROR - 4</a>)</li>
</ul>
</div>
<div><p>Array#pop passed a number n as an argument</p>
<ul>
<li class="fail">- removes and returns an array with the last n elements of the array (<a href="#details-5">FAILED - 5</a>)</li>
<li class="fail">- returns an array with the last n elements even if shift was invoked (<a href="#details-6">FAILED - 6</a>)</li>
<li class="fail">- returns a new empty array if there are no more elements (<a href="#details-7">FAILED - 7</a>)</li>
<li class="fail">- returns whole elements if n exceeds size of the array (<a href="#details-8">FAILED - 8</a>)</li>
<li class="pass">- does not return self even when it returns whole elements</li>
<li class="fail">- raises an ArgumentError if n is negative (<a href="#details-9">FAILED - 9</a>)</li>
<li class="fail">- tries to convert n to an Integer using #to_int (<a href="#details-10">FAILED - 10</a>)</li>
<li class="fail">- raises a TypeError when the passed n can be coerced to Integer (<a href="#details-11">FAILED - 11</a>)</li>
<li class="fail">- raises an ArgumentError if more arguments are passed (<a href="#details-12">FAILED - 12</a>)</li>
<li class="fail">- does not return subclass instances with Array subclass (<a href="#details-13">FAILED - 13</a>)</li>
<li class="fail">- returns an untainted array even if the array is tainted (<a href="#details-14">ERROR - 14</a>)</li>
<li class="fail">- keeps taint status (<a href="#details-15">ERROR - 15</a>)</li>
<li class="fail">- returns a trusted array even if the array is untrusted (<a href="#details-16">ERROR - 16</a>)</li>
<li class="fail">- raises a RuntimeError on a frozen array (<a href="#details-17">ERROR - 17</a>)</li>
<li class="fail">- keeps untrusted status (<a href="#details-18">ERROR - 18</a>)</li>
</ul>
</div>
<hr>
<ol id="details">
<li id="details-1"><p>Array#pop keeps taint status ERROR</p>
<p>NoMethodError: undefined method 'taint' for [1, 2]</p>
<pre>
/Users/jared/projects/mruby-spec/mspec/lib/mspec/runner/formatters/dotted.rb:115:in DottedFormatter.print
/Users/jared/projects/mruby-spec/mspec/lib/mspec/runner/formatters/html.rb:43:in HtmlFormatter.leave
/Users/jared/projects/mruby-spec/mspec/lib/mspec/runner/exception.rb:39:in ExceptionState.backtrace
/Users/jared/projects/mruby-spec/mspec/lib/mspec/runner/formatters/html.rb:68:in HtmlFormatter.finish
/Users/jared/projects/mruby-spec/mspec/lib/mspec/runner/formatters/html.rb:63:in HtmlFormatter.finish
/Users/jared/projects/mruby-spec/mspec/lib/mspec/runner/mspec.rb:65:in MSpec.actions
/Users/jared/projects/mruby-spec/mspec/lib/mspec/runner/mspec.rb:65:in MSpec#actions
/Users/jared/projects/mruby-spec/mspec/lib/mspec/runner/mspec.rb:45:in MSpec#process
/Users/jared/projects/mruby-spec/mspec/lib/mspec/commands/mspec-run.rb:91:in MSpecRun.run
/Users/jared/projects/mruby-spec/mspec/lib/mspec/utils/script.rb:220:in MSpecScript#main
/Users/jared/projects/mruby-spec/mspec/bin/mspec-run:8</pre>
</li>

<li id="details-2"><p>Array#pop raises a RuntimeError on a frozen array ERROR</p>
<p>NoMethodError: undefined method 'freeze' for [1, 2, 3]</p>
<pre>
/Users/jared/projects/mruby-spec/rubyspec/core/array/fixtures/classes.rb:37:in ArraySpecs#frozen_array
/Users/jared/projects/mruby-spec/rubyspec/core/array/pop_spec.rb:42:in Kernel.instance_eval
/Users/jared/projects/mruby-spec/mspec/lib/mspec/matchers/raise_error.rb:9:in RaiseErrorMatcher.matches?
/Users/jared/projects/mruby-spec/mspec/lib/mspec/expectations/should.rb:7:in Object.should
/Users/jared/projects/mruby-spec/rubyspec/core/array/pop_spec.rb:42:in Kernel#instance_eval
/Users/jared/projects/mruby-spec/mspec/lib/mspec/runner/mspec.rb:70:in MSpec#protect
/Users/jared/projects/mruby-spec/mspec/lib/mspec/runner/context.rb:179:in ContextState.protect
/Users/jared/projects/mruby-spec/mspec/lib/mspec/runner/context.rb:179:in ContextState.protect
/Users/jared/projects/mruby-spec/mspec/lib/mspec/runner/context.rb:215:in ContextState.process
/Users/jared/projects/mruby-spec/mspec/lib/mspec/runner/mspec.rb:240:in MSpec.repeat
/Users/jared/projects/mruby-spec/mspec/lib/mspec/runner/mspec.rb:239:in MSpec#repeat
/Users/jared/projects/mruby-spec/mspec/lib/mspec/runner/context.rb:207:in ContextState.process
/Users/jared/projects/mruby-spec/mspec/lib/mspec/runner/context.rb:206:in ContextState.process
/Users/jared/projects/mruby-spec/mspec/lib/mspec/runner/mspec.rb:39:in MSpec#describe
/Users/jared/projects/mruby-spec/mspec/lib/mspec/runner/object.rb:11:in Object.describe
/Users/jared/projects/mruby-spec/rubyspec/core/array/pop_spec.rb:168:in Kernel#open
/Users/jared/projects/mruby-spec/mspec/lib/mspec/runner/mspec.rb:58:in MSpec#instance_eval
/Users/jared/projects/mruby-spec/mspec/lib/mspec/runner/mspec.rb:70:in MSpec#protect
/Users/jared/projects/mruby-spec/mspec/lib/mspec/runner/mspec.rb:58:in MSpec.files
/Users/jared/projects/mruby-spec/mspec/lib/mspec/runner/mspec.rb:52:in MSpec#files
/Users/jared/projects/mruby-spec/mspec/lib/mspec/runner/mspec.rb:44:in MSpec#process
/Users/jared/projects/mruby-spec/mspec/lib/mspec/commands/mspec-run.rb:91:in MSpecRun.run
/Users/jared/projects/mruby-spec/mspec/lib/mspec/utils/script.rb:220:in MSpecScript#main
/Users/jared/projects/mruby-spec/mspec/bin/mspec-run:8</pre>
</li>

<li id="details-3"><p>Array#pop raises a RuntimeError on an empty frozen array ERROR</p>
<p>NoMethodError: undefined method 'freeze' for []</p>
<pre>
/Users/jared/projects/mruby-spec/rubyspec/core/array/fixtures/classes.rb:43:in ArraySpecs#empty_frozen_array
/Users/jared/projects/mruby-spec/rubyspec/core/array/pop_spec.rb:46:in Kernel.instance_eval
/Users/jared/projects/mruby-spec/mspec/lib/mspec/matchers/raise_error.rb:9:in RaiseErrorMatcher.matches?
/Users/jared/projects/mruby-spec/mspec/lib/mspec/expectations/should.rb:7:in Object.should
/Users/jared/projects/mruby-spec/rubyspec/core/array/pop_spec.rb:46:in Kernel#instance_eval
/Users/jared/projects/mruby-spec/mspec/lib/mspec/runner/mspec.rb:70:in MSpec#protect
/Users/jared/projects/mruby-spec/mspec/lib/mspec/runner/context.rb:179:in ContextState.protect
/Users/jared/projects/mruby-spec/mspec/lib/mspec/runner/context.rb:179:in ContextState.protect
/Users/jared/projects/mruby-spec/mspec/lib/mspec/runner/context.rb:215:in ContextState.process
/Users/jared/projects/mruby-spec/mspec/lib/mspec/runner/mspec.rb:240:in MSpec.repeat
/Users/jared/projects/mruby-spec/mspec/lib/mspec/runner/mspec.rb:239:in MSpec#repeat
/Users/jared/projects/mruby-spec/mspec/lib/mspec/runner/context.rb:207:in ContextState.process
/Users/jared/projects/mruby-spec/mspec/lib/mspec/runner/context.rb:206:in ContextState.process
/Users/jared/projects/mruby-spec/mspec/lib/mspec/runner/mspec.rb:39:in MSpec#describe
/Users/jared/projects/mruby-spec/mspec/lib/mspec/runner/object.rb:11:in Object.describe
/Users/jared/projects/mruby-spec/rubyspec/core/array/pop_spec.rb:168:in Kernel#open
/Users/jared/projects/mruby-spec/mspec/lib/mspec/runner/mspec.rb:58:in MSpec#instance_eval
/Users/jared/projects/mruby-spec/mspec/lib/mspec/runner/mspec.rb:70:in MSpec#protect
/Users/jared/projects/mruby-spec/mspec/lib/mspec/runner/mspec.rb:58:in MSpec.files
/Users/jared/projects/mruby-spec/mspec/lib/mspec/runner/mspec.rb:52:in MSpec#files
/Users/jared/projects/mruby-spec/mspec/lib/mspec/runner/mspec.rb:44:in MSpec#process
/Users/jared/projects/mruby-spec/mspec/lib/mspec/commands/mspec-run.rb:91:in MSpecRun.run
/Users/jared/projects/mruby-spec/mspec/lib/mspec/utils/script.rb:220:in MSpecScript#main
/Users/jared/projects/mruby-spec/mspec/bin/mspec-run:8</pre>
</li>

<li id="details-4"><p>Array#pop keeps untrusted status ERROR</p>
<p>NoMethodError: undefined method 'untrust' for [1, 2]</p>
<pre>
/Users/jared/projects/mruby-spec/mspec/lib/mspec/runner/formatters/dotted.rb:115:in DottedFormatter.print
/Users/jared/projects/mruby-spec/mspec/lib/mspec/runner/formatters/html.rb:43:in HtmlFormatter.leave
/Users/jared/projects/mruby-spec/mspec/lib/mspec/runner/exception.rb:39:in ExceptionState.backtrace
/Users/jared/projects/mruby-spec/mspec/lib/mspec/runner/formatters/html.rb:68:in HtmlFormatter.finish
/Users/jared/projects/mruby-spec/mspec/lib/mspec/runner/formatters/html.rb:63:in HtmlFormatter.finish
/Users/jared/projects/mruby-spec/mspec/lib/mspec/runner/mspec.rb:65:in MSpec.actions
/Users/jared/projects/mruby-spec/mspec/lib/mspec/runner/mspec.rb:65:in MSpec#actions
/Users/jared/projects/mruby-spec/mspec/lib/mspec/runner/mspec.rb:45:in MSpec#process
/Users/jared/projects/mruby-spec/mspec/lib/mspec/commands/mspec-run.rb:91:in MSpecRun.run
/Users/jared/projects/mruby-spec/mspec/lib/mspec/utils/script.rb:220:in MSpecScript#main
/Users/jared/projects/mruby-spec/mspec/bin/mspec-run:8</pre>
</li>

<li id="details-5"><p>Array#pop passed a number n as an argument removes and returns an array with the last n elements of the array FAILED</p>
<p>Expected 6 to equal []</p>
<pre>
/Users/jared/projects/mruby-spec/mspec/lib/mspec/mocks/mock.rb:199:in Mock.cleanup
/Users/jared/projects/mruby-spec/mspec/lib/mspec/runner/formatters/dotted.rb:115:in DottedFormatter.print
/Users/jared/projects/mruby-spec/mspec/lib/mspec/runner/formatters/html.rb:43:in HtmlFormatter.leave
/Users/jared/projects/mruby-spec/mspec/lib/mspec/runner/exception.rb:39:in ExceptionState.backtrace
/Users/jared/projects/mruby-spec/mspec/lib/mspec/runner/formatters/html.rb:68:in HtmlFormatter.finish
/Users/jared/projects/mruby-spec/mspec/lib/mspec/runner/formatters/html.rb:63:in HtmlFormatter.finish
/Users/jared/projects/mruby-spec/mspec/lib/mspec/runner/mspec.rb:65:in MSpec.actions
/Users/jared/projects/mruby-spec/mspec/lib/mspec/runner/mspec.rb:65:in MSpec#actions
/Users/jared/projects/mruby-spec/mspec/lib/mspec/runner/mspec.rb:45:in MSpec#process
/Users/jared/projects/mruby-spec/mspec/lib/mspec/commands/mspec-run.rb:91:in MSpecRun.run
/Users/jared/projects/mruby-spec/mspec/lib/mspec/utils/script.rb:220:in MSpecScript#main
/Users/jared/projects/mruby-spec/mspec/bin/mspec-run:8</pre>
</li>

<li id="details-6"><p>Array#pop passed a number n as an argument returns an array with the last n elements even if shift was invoked FAILED</p>
<p>Expected 4 to equal [2, 3, 4]</p>
<pre>
/Users/jared/projects/mruby-spec/mspec/lib/mspec/runner/formatters/dotted.rb:115:in DottedFormatter.print
/Users/jared/projects/mruby-spec/mspec/lib/mspec/runner/formatters/html.rb:43:in HtmlFormatter.leave
/Users/jared/projects/mruby-spec/mspec/lib/mspec/runner/exception.rb:39:in ExceptionState.backtrace
/Users/jared/projects/mruby-spec/mspec/lib/mspec/runner/formatters/html.rb:68:in HtmlFormatter.finish
/Users/jared/projects/mruby-spec/mspec/lib/mspec/runner/formatters/html.rb:63:in HtmlFormatter.finish
/Users/jared/projects/mruby-spec/mspec/lib/mspec/runner/mspec.rb:65:in MSpec.actions
/Users/jared/projects/mruby-spec/mspec/lib/mspec/runner/mspec.rb:65:in MSpec#actions
/Users/jared/projects/mruby-spec/mspec/lib/mspec/runner/mspec.rb:45:in MSpec#process
/Users/jared/projects/mruby-spec/mspec/lib/mspec/commands/mspec-run.rb:91:in MSpecRun.run
/Users/jared/projects/mruby-spec/mspec/lib/mspec/utils/script.rb:220:in MSpecScript#main
/Users/jared/projects/mruby-spec/mspec/bin/mspec-run:8</pre>
</li>

<li id="details-7"><p>Array#pop passed a number n as an argument returns a new empty array if there are no more elements FAILED</p>
<p>Expected nil to equal []</p>
<pre>
/Users/jared/projects/mruby-spec/mspec/lib/mspec/runner/formatters/dotted.rb:115:in DottedFormatter.print
/Users/jared/projects/mruby-spec/mspec/lib/mspec/runner/formatters/html.rb:43:in HtmlFormatter.leave
/Users/jared/projects/mruby-spec/mspec/lib/mspec/runner/exception.rb:39:in ExceptionState.backtrace
/Users/jared/projects/mruby-spec/mspec/lib/mspec/runner/formatters/html.rb:68:in HtmlFormatter.finish
/Users/jared/projects/mruby-spec/mspec/lib/mspec/runner/formatters/html.rb:63:in HtmlFormatter.finish
/Users/jared/projects/mruby-spec/mspec/lib/mspec/runner/mspec.rb:65:in MSpec.actions
/Users/jared/projects/mruby-spec/mspec/lib/mspec/runner/mspec.rb:65:in MSpec#actions
/Users/jared/projects/mruby-spec/mspec/lib/mspec/runner/mspec.rb:45:in MSpec#process
/Users/jared/projects/mruby-spec/mspec/lib/mspec/commands/mspec-run.rb:91:in MSpecRun.run
/Users/jared/projects/mruby-spec/mspec/lib/mspec/utils/script.rb:220:in MSpecScript#main
/Users/jared/projects/mruby-spec/mspec/bin/mspec-run:8</pre>
</li>

<li id="details-8"><p>Array#pop passed a number n as an argument returns whole elements if n exceeds size of the array FAILED</p>
<p>Expected 5 to equal [1, 2, 3, 4, 5]</p>
<pre>
/Users/jared/projects/mruby-spec/mspec/lib/mspec/runner/formatters/dotted.rb:115:in DottedFormatter.print
/Users/jared/projects/mruby-spec/mspec/lib/mspec/runner/formatters/html.rb:43:in HtmlFormatter.leave
/Users/jared/projects/mruby-spec/mspec/lib/mspec/runner/exception.rb:39:in ExceptionState.backtrace
/Users/jared/projects/mruby-spec/mspec/lib/mspec/runner/formatters/html.rb:68:in HtmlFormatter.finish
/Users/jared/projects/mruby-spec/mspec/lib/mspec/runner/formatters/html.rb:63:in HtmlFormatter.finish
/Users/jared/projects/mruby-spec/mspec/lib/mspec/runner/mspec.rb:65:in MSpec.actions
/Users/jared/projects/mruby-spec/mspec/lib/mspec/runner/mspec.rb:65:in MSpec#actions
/Users/jared/projects/mruby-spec/mspec/lib/mspec/runner/mspec.rb:45:in MSpec#process
/Users/jared/projects/mruby-spec/mspec/lib/mspec/commands/mspec-run.rb:91:in MSpecRun.run
/Users/jared/projects/mruby-spec/mspec/lib/mspec/utils/script.rb:220:in MSpecScript#main
/Users/jared/projects/mruby-spec/mspec/bin/mspec-run:8</pre>
</li>

<li id="details-9"><p>Array#pop passed a number n as an argument raises an ArgumentError if n is negative FAILED</p>
<p>Expected ArgumentError but no exception was raised (#@result was returned)</p>
<pre>
/Users/jared/projects/mruby-spec/mspec/lib/mspec/runner/formatters/dotted.rb:115:in DottedFormatter.print
/Users/jared/projects/mruby-spec/mspec/lib/mspec/runner/formatters/html.rb:43:in HtmlFormatter.leave
/Users/jared/projects/mruby-spec/mspec/lib/mspec/runner/exception.rb:39:in ExceptionState.backtrace
/Users/jared/projects/mruby-spec/mspec/lib/mspec/runner/formatters/html.rb:68:in HtmlFormatter.finish
/Users/jared/projects/mruby-spec/mspec/lib/mspec/runner/formatters/html.rb:63:in HtmlFormatter.finish
/Users/jared/projects/mruby-spec/mspec/lib/mspec/runner/mspec.rb:65:in MSpec.actions
/Users/jared/projects/mruby-spec/mspec/lib/mspec/runner/mspec.rb:65:in MSpec#actions
/Users/jared/projects/mruby-spec/mspec/lib/mspec/runner/mspec.rb:45:in MSpec#process
/Users/jared/projects/mruby-spec/mspec/lib/mspec/commands/mspec-run.rb:91:in MSpecRun.run
/Users/jared/projects/mruby-spec/mspec/lib/mspec/utils/script.rb:220:in MSpecScript#main
/Users/jared/projects/mruby-spec/mspec/bin/mspec-run:8</pre>
</li>

<li id="details-10"><p>Array#pop passed a number n as an argument tries to convert n to an Integer using #to_int FAILED</p>
<p>Expected 4 to equal [3, 4]</p>
<pre>
/Users/jared/projects/mruby-spec/mspec/lib/mspec/runner/formatters/dotted.rb:115:in DottedFormatter.print
/Users/jared/projects/mruby-spec/mspec/lib/mspec/runner/formatters/html.rb:43:in HtmlFormatter.leave
/Users/jared/projects/mruby-spec/mspec/lib/mspec/runner/exception.rb:39:in ExceptionState.backtrace
/Users/jared/projects/mruby-spec/mspec/lib/mspec/runner/formatters/html.rb:68:in HtmlFormatter.finish
/Users/jared/projects/mruby-spec/mspec/lib/mspec/runner/formatters/html.rb:63:in HtmlFormatter.finish
/Users/jared/projects/mruby-spec/mspec/lib/mspec/runner/mspec.rb:65:in MSpec.actions
/Users/jared/projects/mruby-spec/mspec/lib/mspec/runner/mspec.rb:65:in MSpec#actions
/Users/jared/projects/mruby-spec/mspec/lib/mspec/runner/mspec.rb:45:in MSpec#process
/Users/jared/projects/mruby-spec/mspec/lib/mspec/commands/mspec-run.rb:91:in MSpecRun.run
/Users/jared/projects/mruby-spec/mspec/lib/mspec/utils/script.rb:220:in MSpecScript#main
/Users/jared/projects/mruby-spec/mspec/bin/mspec-run:8</pre>
</li>

<li id="details-11"><p>Array#pop passed a number n as an argument raises a TypeError when the passed n can be coerced to Integer FAILED</p>
<p>Expected TypeError but no exception was raised (#@result was returned)</p>
<pre>
/Users/jared/projects/mruby-spec/mspec/lib/mspec/runner/formatters/dotted.rb:115:in DottedFormatter.print
/Users/jared/projects/mruby-spec/mspec/lib/mspec/runner/formatters/html.rb:43:in HtmlFormatter.leave
/Users/jared/projects/mruby-spec/mspec/lib/mspec/runner/exception.rb:39:in ExceptionState.backtrace
/Users/jared/projects/mruby-spec/mspec/lib/mspec/runner/formatters/html.rb:68:in HtmlFormatter.finish
/Users/jared/projects/mruby-spec/mspec/lib/mspec/runner/formatters/html.rb:63:in HtmlFormatter.finish
/Users/jared/projects/mruby-spec/mspec/lib/mspec/runner/mspec.rb:65:in MSpec.actions
/Users/jared/projects/mruby-spec/mspec/lib/mspec/runner/mspec.rb:65:in MSpec#actions
/Users/jared/projects/mruby-spec/mspec/lib/mspec/runner/mspec.rb:45:in MSpec#process
/Users/jared/projects/mruby-spec/mspec/lib/mspec/commands/mspec-run.rb:91:in MSpecRun.run
/Users/jared/projects/mruby-spec/mspec/lib/mspec/utils/script.rb:220:in MSpecScript#main
/Users/jared/projects/mruby-spec/mspec/bin/mspec-run:8</pre>
</li>

<li id="details-12"><p>Array#pop passed a number n as an argument raises an ArgumentError if more arguments are passed FAILED</p>
<p>Expected ArgumentError but no exception was raised (#@result was returned)</p>
<pre>
/Users/jared/projects/mruby-spec/mspec/lib/mspec/runner/formatters/dotted.rb:115:in DottedFormatter.print
/Users/jared/projects/mruby-spec/mspec/lib/mspec/runner/formatters/html.rb:43:in HtmlFormatter.leave
/Users/jared/projects/mruby-spec/mspec/lib/mspec/runner/exception.rb:39:in ExceptionState.backtrace
/Users/jared/projects/mruby-spec/mspec/lib/mspec/runner/formatters/html.rb:68:in HtmlFormatter.finish
/Users/jared/projects/mruby-spec/mspec/lib/mspec/runner/formatters/html.rb:63:in HtmlFormatter.finish
/Users/jared/projects/mruby-spec/mspec/lib/mspec/runner/mspec.rb:65:in MSpec.actions
/Users/jared/projects/mruby-spec/mspec/lib/mspec/runner/mspec.rb:65:in MSpec#actions
/Users/jared/projects/mruby-spec/mspec/lib/mspec/runner/mspec.rb:45:in MSpec#process
/Users/jared/projects/mruby-spec/mspec/lib/mspec/commands/mspec-run.rb:91:in MSpecRun.run
/Users/jared/projects/mruby-spec/mspec/lib/mspec/utils/script.rb:220:in MSpecScript#main
/Users/jared/projects/mruby-spec/mspec/bin/mspec-run:8</pre>
</li>

<li id="details-13"><p>Array#pop passed a number n as an argument does not return subclass instances with Array subclass FAILED</p>
<p>Expected 3 (Fixnum) to be an instance of Array</p>
<pre>
/Users/jared/projects/mruby-spec/mspec/lib/mspec/runner/formatters/dotted.rb:115:in DottedFormatter.print
/Users/jared/projects/mruby-spec/mspec/lib/mspec/runner/formatters/html.rb:43:in HtmlFormatter.leave
/Users/jared/projects/mruby-spec/mspec/lib/mspec/runner/exception.rb:39:in ExceptionState.backtrace
/Users/jared/projects/mruby-spec/mspec/lib/mspec/runner/formatters/html.rb:68:in HtmlFormatter.finish
/Users/jared/projects/mruby-spec/mspec/lib/mspec/runner/formatters/html.rb:63:in HtmlFormatter.finish
/Users/jared/projects/mruby-spec/mspec/lib/mspec/runner/mspec.rb:65:in MSpec.actions
/Users/jared/projects/mruby-spec/mspec/lib/mspec/runner/mspec.rb:65:in MSpec#actions
/Users/jared/projects/mruby-spec/mspec/lib/mspec/runner/mspec.rb:45:in MSpec#process
/Users/jared/projects/mruby-spec/mspec/lib/mspec/commands/mspec-run.rb:91:in MSpecRun.run
/Users/jared/projects/mruby-spec/mspec/lib/mspec/utils/script.rb:220:in MSpecScript#main
/Users/jared/projects/mruby-spec/mspec/bin/mspec-run:8</pre>
</li>

<li id="details-14"><p>Array#pop passed a number n as an argument returns an untainted array even if the array is tainted ERROR</p>
<p>NoMethodError: undefined method 'taint' for [1, 2]</p>
<pre>
/Users/jared/projects/mruby-spec/mspec/lib/mspec/runner/formatters/dotted.rb:115:in DottedFormatter.print
/Users/jared/projects/mruby-spec/mspec/lib/mspec/runner/formatters/html.rb:43:in HtmlFormatter.leave
/Users/jared/projects/mruby-spec/mspec/lib/mspec/runner/exception.rb:39:in ExceptionState.backtrace
/Users/jared/projects/mruby-spec/mspec/lib/mspec/runner/formatters/html.rb:68:in HtmlFormatter.finish
/Users/jared/projects/mruby-spec/mspec/lib/mspec/runner/formatters/html.rb:63:in HtmlFormatter.finish
/Users/jared/projects/mruby-spec/mspec/lib/mspec/runner/mspec.rb:65:in MSpec.actions
/Users/jared/projects/mruby-spec/mspec/lib/mspec/runner/mspec.rb:65:in MSpec#actions
/Users/jared/projects/mruby-spec/mspec/lib/mspec/runner/mspec.rb:45:in MSpec#process
/Users/jared/projects/mruby-spec/mspec/lib/mspec/commands/mspec-run.rb:91:in MSpecRun.run
/Users/jared/projects/mruby-spec/mspec/lib/mspec/utils/script.rb:220:in MSpecScript#main
/Users/jared/projects/mruby-spec/mspec/bin/mspec-run:8</pre>
</li>

<li id="details-15"><p>Array#pop passed a number n as an argument keeps taint status ERROR</p>
<p>NoMethodError: undefined method 'taint' for [1, 2]</p>
<pre>
