<!DOCTYPE HTML PUBLIC "-//W3C//DTD HTML 4.01//EN"
    "http://www.w3.org/TR/html4/strict.dtd">
<html>
<head>
<title>Spec Output For mruby (1.9)</title>
<style type="text/css">
ul {
  list-style: none;
}
.fail {
  color: red;
}
.pass {
  color: green;
}
#details :target {
  background-color: #ffffe0;
}
</style>
</head>
<body>
<div><p>The next statement from within the block</p>
<ul>
<li class="pass">- ends block execution</li>
<li class="pass">- causes block to return nil if invoked without arguments</li>
<li class="pass">- causes block to return nil if invoked with an empty expression</li>
<li class="pass">- returns the argument passed</li>
<li class="pass">- returns to the invoking method</li>
<li class="pass">- returns to the invoking method, with the specified value</li>
<li class="fail">- returns to the currently yielding method in case of chained calls (<a href="#details-1">ERROR - 1</a>)</li>
<li class="pass">- causes ensure blocks to run</li>
<li class="pass">- skips following code outside an exception block</li>
<li class="fail">- passes the value returned by a method with omitted parenthesis and passed block (<a href="#details-2">ERROR - 2</a>)</li>
</ul>
</div>
<div><p>The next statement in a method</p>
<ul>
<li class="fail">- is invalid and raises a SyntaxError (<a href="#details-3">FAILED - 3</a>)</li>
</ul>
</div>
<div><p>The next statement in a while loop</p>
<ul>
<li class="pass">- causes nested ensure blocks to run</li>
<li class="pass">- causes ensure blocks to run when mixed with break</li>
</ul>
</div>
<div><p>The next statement in a while loop when not passed an argument</p>
<ul>
<li class="pass">- causes ensure blocks to run</li>
<li class="pass">- causes ensure blocks to run when nested in an block</li>
</ul>
</div>
<div><p>The next statement in a while loop when passed an argument</p>
<ul>
<li class="pass">- causes ensure blocks to run</li>
<li class="pass">- causes ensure blocks to run when nested in an block</li>
</ul>
</div>
<div><p>The next statement in an until loop</p>
<ul>
<li class="pass">- causes nested ensure blocks to run</li>
<li class="pass">- causes ensure blocks to run when mixed with break</li>
</ul>
</div>
<div><p>The next statement in an until loop when not passed an argument</p>
<ul>
<li class="pass">- causes ensure blocks to run</li>
<li class="pass">- causes ensure blocks to run when nested in an block</li>
</ul>
</div>
<div><p>The next statement in an until loop when passed an argument</p>
<ul>
<li class="pass">- causes ensure blocks to run</li>
<li class="pass">- causes ensure blocks to run when nested in an block</li>
</ul>
</div>
<div><p>The next statement in a loop</p>
<ul>
<li class="pass">- causes nested ensure blocks to run</li>
<li class="pass">- causes ensure blocks to run when mixed with break</li>
</ul>
</div>
<div><p>The next statement in a loop when not passed an argument</p>
<ul>
<li class="pass">- causes ensure blocks to run</li>
<li class="pass">- causes ensure blocks to run when nested in an block</li>
</ul>
</div>
<div><p>The next statement in a loop when passed an argument</p>
<ul>
<li class="pass">- causes ensure blocks to run</li>
<li class="pass">- causes ensure blocks to run when nested in an block</li>
</ul>
</div>
<div><p>Assignment via next</p>
<ul>
<li class="pass">- assigns objects</li>
<li class="fail">- assigns splatted objects (<a href="#details-4">FAILED - 4</a>)</li>
<li class="pass">- assigns objects to a splatted reference</li>
<li class="pass">- assigns splatted objects to a splatted reference via a splatted yield</li>
<li class="pass">- assigns objects to multiple variables</li>
<li class="pass">- assigns splatted objects to multiple variables</li>
</ul>
</div>
<hr>
<ol id="details">
<li id="details-1"><p>The next statement from within the block returns to the currently yielding method in case of chained calls ERROR</p>
<p>NameError: uninitialized constant Kernel::ChainedNextTest</p>
<pre>
/Users/jared/projects/mruby-spec/mspec/lib/mspec/runner/exception.rb:39:in ExceptionState.backtrace
/Users/jared/projects/mruby-spec/mspec/lib/mspec/runner/formatters/html.rb:68:in HtmlFormatter.finish
/Users/jared/projects/mruby-spec/mspec/lib/mspec/runner/formatters/html.rb:63:in HtmlFormatter.finish
/Users/jared/projects/mruby-spec/mspec/lib/mspec/runner/mspec.rb:65:in MSpec.actions
/Users/jared/projects/mruby-spec/mspec/lib/mspec/runner/mspec.rb:65:in MSpec#actions
/Users/jared/projects/mruby-spec/mspec/lib/mspec/runner/mspec.rb:45:in MSpec#process
/Users/jared/projects/mruby-spec/mspec/lib/mspec/commands/mspec-run.rb:91:in MSpecRun.run
/Users/jared/projects/mruby-spec/mspec/lib/mspec/utils/script.rb:220:in MSpecScript#main
/Users/jared/projects/mruby-spec/mspec/bin/mspec-run:8</pre>
</li>

<li id="details-2"><p>The next statement from within the block passes the value returned by a method with omitted parenthesis and passed block ERROR</p>
<p>NoMethodError: undefined method 'call' for nil</p>
<pre>
/Users/jared/projects/mruby-spec/mspec/lib/mspec/runner/exception.rb:39:in ExceptionState.backtrace
/Users/jared/projects/mruby-spec/mspec/lib/mspec/runner/formatters/html.rb:68:in HtmlFormatter.finish
/Users/jared/projects/mruby-spec/mspec/lib/mspec/runner/formatters/html.rb:63:in HtmlFormatter.finish
/Users/jared/projects/mruby-spec/mspec/lib/mspec/runner/mspec.rb:65:in MSpec.actions
/Users/jared/projects/mruby-spec/mspec/lib/mspec/runner/mspec.rb:65:in MSpec#actions
/Users/jared/projects/mruby-spec/mspec/lib/mspec/runner/mspec.rb:45:in MSpec#process
/Users/jared/projects/mruby-spec/mspec/lib/mspec/commands/mspec-run.rb:91:in MSpecRun.run
/Users/jared/projects/mruby-spec/mspec/lib/mspec/utils/script.rb:220:in MSpecScript#main
/Users/jared/projects/mruby-spec/mspec/bin/mspec-run:8</pre>
</li>

<li id="details-3"><p>The next statement in a method is invalid and raises a SyntaxError FAILED</p>
<p>Expected SyntaxError but no exception was raised (#@result was returned)</p>
<pre>
/Users/jared/projects/mruby-spec/mspec/lib/mspec/runner/exception.rb:39:in ExceptionState.backtrace
/Users/jared/projects/mruby-spec/mspec/lib/mspec/runner/formatters/html.rb:68:in HtmlFormatter.finish
/Users/jared/projects/mruby-spec/mspec/lib/mspec/runner/formatters/html.rb:63:in HtmlFormatter.finish
/Users/jared/projects/mruby-spec/mspec/lib/mspec/runner/mspec.rb:65:in MSpec.actions
/Users/jared/projects/mruby-spec/mspec/lib/mspec/runner/mspec.rb:65:in MSpec#actions
/Users/jared/projects/mruby-spec/mspec/lib/mspec/runner/mspec.rb:45:in MSpec#process
/Users/jared/projects/mruby-spec/mspec/lib/mspec/commands/mspec-run.rb:91:in MSpecRun.run
/Users/jared/projects/mruby-spec/mspec/lib/mspec/utils/script.rb:220:in MSpecScript#main
/Users/jared/projects/mruby-spec/mspec/bin/mspec-run:8</pre>
</li>

<li id="details-4"><p>Assignment via next assigns splatted objects FAILED</p>
<p>Expected [] to equal nil</p>
<pre>
/Users/jared/projects/mruby-spec/mspec/lib/mspec/runner/exception.rb:39:in ExceptionState.backtrace
/Users/jared/projects/mruby-spec/mspec/lib/mspec/runner/formatters/html.rb:68:in HtmlFormatter.finish
/Users/jared/projects/mruby-spec/mspec/lib/mspec/runner/formatters/html.rb:63:in HtmlFormatter.finish
/Users/jared/projects/mruby-spec/mspec/lib/mspec/runner/mspec.rb:65:in MSpec.actions
/Users/jared/projects/mruby-spec/mspec/lib/mspec/runner/mspec.rb:65:in MSpec#actions
/Users/jared/projects/mruby-spec/mspec/lib/mspec/runner/mspec.rb:45:in MSpec#process
/Users/jared/projects/mruby-spec/mspec/lib/mspec/commands/mspec-run.rb:91:in MSpecRun.run
/Users/jared/projects/mruby-spec/mspec/lib/mspec/utils/script.rb:220:in MSpecScript#main
/Users/jared/projects/mruby-spec/mspec/bin/mspec-run:8</pre>
</li>
</ol>
<p>Finished in 0.007495 seconds</p>
<p class="fail">1 file, 35 examples, 86 expectations, 2 failures, 2 errors, 0 tagged</p>
</body>
</html>
mruby 1.2.0 (2015-11-17) 
00003 NODE_SCOPE:
00003   NODE_BEGIN:
00003     NODE_CALL:
00003       NODE_GVAR $:
00003       method='unshift' (162)
00003       args:
00003         NODE_CALL:
00003           NODE_CONST File
00003           method='expand_path' (1532)
00003           args:
00003             NODE_STR "../../lib" len 9
00003             NODE_STR "/Users/jared/projects/mruby-spec/mspec/bin/mspec-run" len 52
00005     NODE_CALL:
00005       NODE_SELF
00005       method='require' (1726)
00005       args:
00005         NODE_STR "mspec/commands/mspec-run" len 24
00006     NODE_CALL:
00006       NODE_SELF
00006       method='require' (1726)
00006       args:
00006         NODE_STR "mspec" len 5
00008     NODE_CALL:
00008       NODE_CONST MSpecRun
00008       method='main' (2121)
irep 0x7fc9f845a280 nregs=6 nlocals=1 pools=4 syms=7 reps=0
file: /Users/jared/projects/mruby-spec/mspec/bin/mspec-run
    3 000 OP_GETGLOBAL	R1	:$:
    3 001 OP_GETCONST	R2	:File
    3 002 OP_STRING	R3	L(0)	; "../../lib"
    3 003 OP_STRING	R4	L(1)	; "/Users/jared/projects/mruby-spec/mspec/bin/mspec-run"
    3 004 OP_SEND	R2	:expand_path	2
    3 005 OP_SEND	R1	:unshift	1
    5 006 OP_LOADSELF	R1		
    5 007 OP_STRING	R2	L(2)	; "mspec/commands/mspec-run"
    5 008 OP_SEND	R1	:require	1
    6 009 OP_LOADSELF	R1		
    6 010 OP_STRING	R2	L(3)	; "mspec"
    6 011 OP_SEND	R1	:require	1
    8 012 OP_GETCONST	R1	:MSpecRun
    8 013 OP_SEND	R1	:main	0
    8 014 OP_STOP

