<!DOCTYPE HTML PUBLIC "-//W3C//DTD HTML 4.01//EN"
    "http://www.w3.org/TR/html4/strict.dtd">
<html>
<head>
<title>Spec Output For mruby (1.9)</title>
<style type="text/css">
ul {
  list-style: none;
}
.fail {
  color: red;
}
.pass {
  color: green;
}
#details :target {
  background-color: #ffffe0;
}
</style>
</head>
<body>
<div><p>Hash#default_proc</p>
<ul>
<li class="pass">- returns the block passed to Hash.new</li>
<li class="pass">- returns nil if no block was passed to proc</li>
</ul>
</div>
<div><p>Hash#default_proc=</p>
<ul>
<li class="pass">- replaces the block passed to Hash.new</li>
<li class="fail">- uses :to_proc on its argument (<a href="#details-1">ERROR - 1</a>)</li>
<li class="fail">- uses :to_proc on its argument (<a href="#details-2">ERROR - 2</a>)</li>
<li class="pass">- overrides the static default</li>
<li class="fail">- raises an error if passed stuff not convertible to procs (<a href="#details-3">FAILED - 3</a>)</li>
<li class="pass">- returns the passed Proc</li>
<li class="pass">- clears the default proc if passed nil</li>
<li class="pass">- returns nil if passed nil</li>
<li class="pass">- accepts a lambda with an arity of 2</li>
<li class="fail">- raises a TypeError if passed a lambda with an arity other than 2 (<a href="#details-4">FAILED - 4</a>)</li>
<li class="fail">- raises a RuntimeError if self is frozen (<a href="#details-5">ERROR - 5</a>)</li>
</ul>
</div>
<hr>
<ol id="details">
<li id="details-1"><p>Hash#default_proc= uses :to_proc on its argument ERROR</p>
<p>NoMethodError: undefined method 'call' for #&lt;MockObject:0x7fc6eb04a5c0 @name="to_proc", @null=nil&gt;</p>
<pre>
/Users/jared/projects/mruby-spec/mspec/lib/mspec/mocks/mock.rb:199:in Mock.cleanup
/Users/jared/projects/mruby-spec/mspec/lib/mspec/runner/exception.rb:39:in ExceptionState.backtrace
/Users/jared/projects/mruby-spec/mspec/lib/mspec/runner/formatters/html.rb:68:in HtmlFormatter.finish
/Users/jared/projects/mruby-spec/mspec/lib/mspec/runner/formatters/html.rb:63:in HtmlFormatter.finish
/Users/jared/projects/mruby-spec/mspec/lib/mspec/runner/mspec.rb:65:in MSpec.actions
/Users/jared/projects/mruby-spec/mspec/lib/mspec/runner/mspec.rb:65:in MSpec#actions
/Users/jared/projects/mruby-spec/mspec/lib/mspec/runner/mspec.rb:45:in MSpec#process
/Users/jared/projects/mruby-spec/mspec/lib/mspec/commands/mspec-run.rb:91:in MSpecRun.run
/Users/jared/projects/mruby-spec/mspec/lib/mspec/utils/script.rb:220:in MSpecScript#main
/Users/jared/projects/mruby-spec/mspec/bin/mspec-run:8</pre>
</li>

<li id="details-2"><p>An exception occurred during: Mock.verify_count
Hash#default_proc= uses :to_proc on its argument ERROR</p>
<p>NoMethodError: undefined method '+@' for "but received it 0 times"</p>
<pre>
/Users/jared/projects/mruby-spec/mspec/lib/mspec/mocks/mock.rb:199:in Mock.cleanup
/Users/jared/projects/mruby-spec/mspec/lib/mspec/runner/exception.rb:39:in ExceptionState.backtrace
/Users/jared/projects/mruby-spec/mspec/lib/mspec/runner/formatters/html.rb:68:in HtmlFormatter.finish
/Users/jared/projects/mruby-spec/mspec/lib/mspec/runner/formatters/html.rb:63:in HtmlFormatter.finish
/Users/jared/projects/mruby-spec/mspec/lib/mspec/runner/mspec.rb:65:in MSpec.actions
/Users/jared/projects/mruby-spec/mspec/lib/mspec/runner/mspec.rb:65:in MSpec#actions
/Users/jared/projects/mruby-spec/mspec/lib/mspec/runner/mspec.rb:45:in MSpec#process
/Users/jared/projects/mruby-spec/mspec/lib/mspec/commands/mspec-run.rb:91:in MSpecRun.run
/Users/jared/projects/mruby-spec/mspec/lib/mspec/utils/script.rb:220:in MSpecScript#main
/Users/jared/projects/mruby-spec/mspec/bin/mspec-run:8</pre>
</li>

<li id="details-3"><p>Hash#default_proc= raises an error if passed stuff not convertible to procs FAILED</p>
<p>Expected TypeError but no exception was raised (#@result was returned)</p>
<pre>
/Users/jared/projects/mruby-spec/mspec/lib/mspec/mocks/mock.rb:199:in Mock.cleanup
/Users/jared/projects/mruby-spec/mspec/lib/mspec/runner/exception.rb:39:in ExceptionState.backtrace
/Users/jared/projects/mruby-spec/mspec/lib/mspec/runner/formatters/html.rb:68:in HtmlFormatter.finish
/Users/jared/projects/mruby-spec/mspec/lib/mspec/runner/formatters/html.rb:63:in HtmlFormatter.finish
/Users/jared/projects/mruby-spec/mspec/lib/mspec/runner/mspec.rb:65:in MSpec.actions
/Users/jared/projects/mruby-spec/mspec/lib/mspec/runner/mspec.rb:65:in MSpec#actions
/Users/jared/projects/mruby-spec/mspec/lib/mspec/runner/mspec.rb:45:in MSpec#process
/Users/jared/projects/mruby-spec/mspec/lib/mspec/commands/mspec-run.rb:91:in MSpecRun.run
/Users/jared/projects/mruby-spec/mspec/lib/mspec/utils/script.rb:220:in MSpecScript#main
/Users/jared/projects/mruby-spec/mspec/bin/mspec-run:8</pre>
</li>

<li id="details-4"><p>Hash#default_proc= raises a TypeError if passed a lambda with an arity other than 2 FAILED</p>
<p>Expected TypeError but no exception was raised (#@result was returned)</p>
<pre>
/Users/jared/projects/mruby-spec/mspec/lib/mspec/mocks/mock.rb:199:in Mock.cleanup
/Users/jared/projects/mruby-spec/mspec/lib/mspec/runner/exception.rb:39:in ExceptionState.backtrace
/Users/jared/projects/mruby-spec/mspec/lib/mspec/runner/formatters/html.rb:68:in HtmlFormatter.finish
/Users/jared/projects/mruby-spec/mspec/lib/mspec/runner/formatters/html.rb:63:in HtmlFormatter.finish
/Users/jared/projects/mruby-spec/mspec/lib/mspec/runner/mspec.rb:65:in MSpec.actions
/Users/jared/projects/mruby-spec/mspec/lib/mspec/runner/mspec.rb:65:in MSpec#actions
/Users/jared/projects/mruby-spec/mspec/lib/mspec/runner/mspec.rb:45:in MSpec#process
/Users/jared/projects/mruby-spec/mspec/lib/mspec/commands/mspec-run.rb:91:in MSpecRun.run
/Users/jared/projects/mruby-spec/mspec/lib/mspec/utils/script.rb:220:in MSpecScript#main
/Users/jared/projects/mruby-spec/mspec/bin/mspec-run:8</pre>
</li>

<li id="details-5"><p>Hash#default_proc= raises a RuntimeError if self is frozen ERROR</p>
<p>NoMethodError: undefined method 'freeze' for {}</p>
<pre>
/Users/jared/projects/mruby-spec/rubyspec/core/hash/default_proc_spec.rb:77:in Kernel.instance_eval
/Users/jared/projects/mruby-spec/mspec/lib/mspec/matchers/raise_error.rb:9:in RaiseErrorMatcher.matches?
/Users/jared/projects/mruby-spec/mspec/lib/mspec/expectations/should.rb:7:in Object.should
/Users/jared/projects/mruby-spec/rubyspec/core/hash/default_proc_spec.rb:77:in Kernel#instance_eval
/Users/jared/projects/mruby-spec/mspec/lib/mspec/runner/mspec.rb:70:in MSpec#protect
/Users/jared/projects/mruby-spec/mspec/lib/mspec/runner/context.rb:179:in ContextState.protect
/Users/jared/projects/mruby-spec/mspec/lib/mspec/runner/context.rb:179:in ContextState.protect
/Users/jared/projects/mruby-spec/mspec/lib/mspec/runner/context.rb:215:in ContextState.process
/Users/jared/projects/mruby-spec/mspec/lib/mspec/runner/mspec.rb:240:in MSpec.repeat
/Users/jared/projects/mruby-spec/mspec/lib/mspec/runner/mspec.rb:239:in MSpec#repeat
/Users/jared/projects/mruby-spec/mspec/lib/mspec/runner/context.rb:207:in ContextState.process
/Users/jared/projects/mruby-spec/mspec/lib/mspec/runner/context.rb:206:in ContextState.process
/Users/jared/projects/mruby-spec/mspec/lib/mspec/runner/mspec.rb:39:in MSpec#describe
/Users/jared/projects/mruby-spec/mspec/lib/mspec/runner/object.rb:11:in Object.describe
/Users/jared/projects/mruby-spec/rubyspec/core/hash/default_proc_spec.rb:80:in Kernel#open
/Users/jared/projects/mruby-spec/mspec/lib/mspec/runner/mspec.rb:58:in MSpec#instance_eval
/Users/jared/projects/mruby-spec/mspec/lib/mspec/runner/mspec.rb:70:in MSpec#protect
/Users/jared/projects/mruby-spec/mspec/lib/mspec/runner/mspec.rb:58:in MSpec.files
/Users/jared/projects/mruby-spec/mspec/lib/mspec/runner/mspec.rb:52:in MSpec#files
/Users/jared/projects/mruby-spec/mspec/lib/mspec/runner/mspec.rb:44:in MSpec#process
/Users/jared/projects/mruby-spec/mspec/lib/mspec/commands/mspec-run.rb:91:in MSpecRun.run
/Users/jared/projects/mruby-spec/mspec/lib/mspec/utils/script.rb:220:in MSpecScript#main
/Users/jared/projects/mruby-spec/mspec/bin/mspec-run:8</pre>
</li>
</ol>
<p>Finished in 0.004081 seconds</p>
<p class="fail">1 file, 12 examples, 15 expectations, 2 failures, 3 errors, 0 tagged</p>
</body>
</html>
mruby 1.2.0 (2015-11-17) 
00003 NODE_SCOPE:
00003   NODE_BEGIN:
00003     NODE_CALL:
00003       NODE_GVAR $:
00003       method='unshift' (162)
00003       args:
00003         NODE_CALL:
00003           NODE_CONST File
00003           method='expand_path' (1532)
00003           args:
00003             NODE_STR "../../lib" len 9
00003             NODE_STR "/Users/jared/projects/mruby-spec/mspec/bin/mspec-run" len 52
00005     NODE_CALL:
00005       NODE_SELF
00005       method='require' (1726)
00005       args:
00005         NODE_STR "mspec/commands/mspec-run" len 24
00006     NODE_CALL:
00006       NODE_SELF
00006       method='require' (1726)
00006       args:
00006         NODE_STR "mspec" len 5
00008     NODE_CALL:
00008       NODE_CONST MSpecRun
00008       method='main' (2121)
irep 0x7fc6eac5a290 nregs=6 nlocals=1 pools=4 syms=7 reps=0
file: /Users/jared/projects/mruby-spec/mspec/bin/mspec-run
    3 000 OP_GETGLOBAL	R1	:$:
    3 001 OP_GETCONST	R2	:File
    3 002 OP_STRING	R3	L(0)	; "../../lib"
    3 003 OP_STRING	R4	L(1)	; "/Users/jared/projects/mruby-spec/mspec/bin/mspec-run"
    3 004 OP_SEND	R2	:expand_path	2
    3 005 OP_SEND	R1	:unshift	1
    5 006 OP_LOADSELF	R1		
    5 007 OP_STRING	R2	L(2)	; "mspec/commands/mspec-run"
    5 008 OP_SEND	R1	:require	1
    6 009 OP_LOADSELF	R1		
    6 010 OP_STRING	R2	L(3)	; "mspec"
    6 011 OP_SEND	R1	:require	1
    8 012 OP_GETCONST	R1	:MSpecRun
    8 013 OP_SEND	R1	:main	0
    8 014 OP_STOP

